Date/Time: 2018-07-28 21:17:45,013
Thread: 1
Failed to connect to the specified MySQL server.

Date/Time: 2018-07-29 18:55:04,004
Thread: 1
Couldn't load Catalog Item 7908, no furniture record found.

Date/Time: 2018-08-04 23:21:19,464
Thread: 68
Unrecognized MUS packet: 'manger'

Date/Time: 2018-08-04 23:21:19,924
Thread: 68
Unrecognized MUS packet: 'manger'

Date/Time: 2018-08-12 23:45:47,349
Thread: 36
Error disconnecting user using MUS

Date/Time: 2018-08-12 23:46:21,374
Thread: 40
Error disconnecting user using MUS

Date/Time: 2018-08-13 03:08:40,415
Thread: 194
Unrecognized MUS packet: 'changeHat'

Date/Time: 2018-08-13 03:08:47,121
Thread: 194
Unrecognized MUS packet: 'changeHat'

Date/Time: 2018-08-13 03:10:17,303
Thread: 198
Unrecognized MUS packet: 'changeHat'

Date/Time: 2018-08-13 03:10:31,953
Thread: 198
Unrecognized MUS packet: 'changeHat'

Date/Time: 2018-08-13 03:10:34,019
Thread: 198
Unrecognized MUS packet: 'changeHat'

Date/Time: 2018-08-13 03:10:35,855
Thread: 198
Unrecognized MUS packet: 'changeHat'

Date/Time: 2018-08-13 03:11:36,705
Thread: 5
Unrecognized MUS packet: 'changeHat'

Date/Time: 2018-08-13 16:39:42,005
Thread: 100
Unrecognized MUS packet: 'editlook'

Date/Time: 2018-08-13 16:40:39,233
Thread: 104
Unrecognized MUS packet: 'editlook'

Date/Time: 2018-08-13 16:41:42,679
Thread: 110
Unrecognized MUS packet: 'editlook'

Date/Time: 2018-08-13 16:45:15,744
Thread: 120
Unrecognized MUS packet: 'editlook'

Date/Time: 2018-08-13 16:45:30,319
Thread: 125
Unrecognized MUS packet: 'editlook'

Date/Time: 2018-08-15 00:23:20,516
Thread: 1
Failed to connect to the specified MySQL server.

Date/Time: 2018-08-17 13:36:10,356
Thread: 6
Unrecognized MUS packet: 'conduire'

Date/Time: 2018-08-17 13:36:11,521
Thread: 6
Unrecognized MUS packet: 'conduire'

Date/Time: 2018-08-17 13:36:11,659
Thread: 6
Unrecognized MUS packet: 'conduire'

Date/Time: 2018-08-17 13:36:11,846
Thread: 6
Unrecognized MUS packet: 'conduire'

Date/Time: 2018-08-17 13:36:12,037
Thread: 6
Unrecognized MUS packet: 'conduire'

Date/Time: 2018-08-17 13:36:12,206
Thread: 6
Unrecognized MUS packet: 'conduire'

Date/Time: 2018-08-17 13:36:13,238
Thread: 6
Unrecognized MUS packet: 'conduire'

Date/Time: 2018-08-17 13:36:13,391
Thread: 6
Unrecognized MUS packet: 'conduire'

Date/Time: 2018-08-17 13:36:13,541
Thread: 6
Unrecognized MUS packet: 'conduire'

Date/Time: 2018-08-17 13:36:13,750
Thread: 6
Unrecognized MUS packet: 'conduire'

Date/Time: 2018-08-17 13:36:13,928
Thread: 6
Unrecognized MUS packet: 'conduire'

Date/Time: 2018-08-21 13:51:14,139
Thread: 1
Failed to connect to the specified MySQL server.

Date/Time: 2018-08-24 11:59:26,878
Thread: 1
Failed to connect to the specified MySQL server.

Date/Time: 2018-08-26 02:12:38,497
Thread: 1
Failed to connect to the specified MySQL server.

Date/Time: 2018-08-26 02:13:10,049
Thread: 1
Failed to connect to the specified MySQL server.

Date/Time: 2018-08-27 12:39:19,339
Thread: 1
Failed to connect to the specified MySQL server.

Date/Time: 2018-09-02 15:35:58,366
Thread: 1
Failed to connect to the specified MySQL server.

Date/Time: 2018-09-04 01:38:03,267
Thread: 1
Failed to connect to the specified MySQL server.

Date/Time: 2018-10-02 11:36:33,377
Thread: 1
Failed to connect to the specified MySQL server.

Date/Time: 2018-10-08 18:15:57,040
Thread: 1
Failed to connect to the specified MySQL server.

Date/Time: 2018-10-11 16:02:03,788
Thread: 1
Failed to connect to the specified MySQL server.

Date/Time: 2018-10-11 20:49:02,377
Thread: 1
Failed to connect to the specified MySQL server.

Date/Time: 2018-10-29 16:00:04,470
Thread: 38
Error disconnecting user using MUS

Date/Time: 2018-10-30 18:59:31,710
Thread: 104
Error disconnecting user using MUS

Date/Time: 2018-11-02 17:37:11,441
Thread: 1
Failed to connect to the specified MySQL server.

Date/Time: 2018-12-02 01:53:50,088
Thread: 1
Failed to connect to the specified MySQL server.

Date/Time: 2018-12-02 01:53:59,577
Thread: 1
Failed to connect to the specified MySQL server.

Date/Time: 2018-12-08 15:22:26,907
Thread: 1
Couldn't load Catalog Item 378699, no furniture record found.

Date/Time: 2019-03-09 19:05:52,957
Thread: 1
restart is an unknown or unsupported command. Type help for more information

Date/Time: 2019-03-09 19:05:56,092
Thread: 1
help is an unknown or unsupported command. Type help for more information

Date/Time: 2019-03-09 19:06:06,540
Thread: 1
aide is an unknown or unsupported command. Type help for more information

Date/Time: 2019-03-09 19:06:09,447
Thread: 1
commands is an unknown or unsupported command. Type help for more information

Date/Time: 2019-03-09 23:58:45,013
Thread: 1
jhhd is an unknown or unsupported command. Type help for more information

Date/Time: 2019-03-16 12:52:31,320
Thread: 1
Couldn't load Catalog Item 1000000113, no furniture record found.

Date/Time: 2019-03-16 12:55:01,236
Thread: 1
Couldn't load Catalog Item 1000000113, no furniture record found.

Date/Time: 2019-03-16 14:55:38,309
Thread: 1
Couldn't load Catalog Item 1000000113, no furniture record found.

Date/Time: 2019-03-16 22:19:50,180
Thread: 1
Couldn't load Catalog Item 1000000113, no furniture record found.

Date/Time: 2019-11-12 01:42:53,019
Thread: 1
Couldn't load Catalog Item 1000000109, no furniture record found.

Date/Time: 2019-11-12 01:47:38,300
Thread: 1
Couldn't load Catalog Item 1000000109, no furniture record found.

Date/Time: 2019-11-12 18:14:32,455
Thread: 1
Couldn't load Catalog Item 1000000109, no furniture record found.

Date/Time: 2019-11-12 18:17:27,720
Thread: 1
Couldn't load Catalog Item 1000000109, no furniture record found.

Date/Time: 2019-11-12 18:36:07,706
Thread: 1
restart is an unknown or unsupported command. Type help for more information

Date/Time: 2019-11-12 18:36:15,314
Thread: 1
Couldn't load Catalog Item 1000000109, no furniture record found.

Date/Time: 2019-11-12 18:50:27,158
Thread: 1
Couldn't load Catalog Item 1000000109, no furniture record found.

Date/Time: 2019-11-12 20:45:29,345
Thread: 1
Couldn't load Catalog Item 1000000109, no furniture record found.

Date/Time: 2019-11-12 20:54:11,830
Thread: 1
Couldn't load Catalog Item 1000000109, no furniture record found.

Date/Time: 2019-11-12 21:00:55,142
Thread: 1
Couldn't load Catalog Item 88805175, no furniture record found.

