2019-03-09 18:30:37,723 INFO  - Plus.PlusEnvironment >> Connected to Database!
2019-03-09 18:30:39,054 INFO  - Plus.HabboHotel.Moderation.ModerationManager >> Loaded 0 moderation presets.
2019-03-09 18:30:39,082 INFO  - Plus.HabboHotel.Moderation.ModerationManager >> Loaded 0 moderation categories.
2019-03-09 18:30:39,085 INFO  - Plus.HabboHotel.Moderation.ModerationManager >> Loaded 0 moderation action preset messages.
2019-03-09 18:30:39,093 INFO  - Plus.HabboHotel.Moderation.ModerationManager >> Cached 27 username and machine bans.
2019-03-09 18:30:39,098 INFO  - Plus.HabboHotel.Moderation.ModerationManager >> Moderation Manager -> LOADED
2019-03-09 18:30:40,235 INFO  - Plus.HabboHotel.Items.ItemDataManager >> Item Manager -> LOADED
2019-03-09 18:30:40,864 INFO  - Plus.HabboHotel.Catalog.CatalogManager >> Catalog Manager -> LOADED
2019-03-09 18:30:40,875 INFO  - Plus.HabboHotel.Items.Televisions.TelevisionManager >> Television Items -> LOADED
2019-03-09 18:30:40,920 INFO  - Plus.HabboHotel.Navigator.NavigatorManager >> Navigator -> LOADED
2019-03-09 18:30:40,968 INFO  - Plus.HabboHotel.Rooms.RoomManager >> Room Manager -> LOADED
2019-03-09 18:30:41,109 INFO  - Plus.HabboHotel.Rooms.Chat.Styles.ChatStyleManager >> Loaded 38 chat styles.
2019-03-09 18:30:41,123 INFO  - Plus.HabboHotel.Rooms.Chat.ChatManager >> Chat Manager -> LOADED
2019-03-09 18:30:41,154 INFO  - Plus.HabboHotel.Groups.GroupManager >> MÉTIERS -> CHARGÉS
2019-03-09 18:30:41,177 INFO  - Plus.HabboHotel.Quests.QuestManager >> Quest Manager -> LOADED
2019-03-09 18:30:41,218 INFO  - Plus.HabboHotel.Achievements.AchievementManager >> Achievement Manager -> LOADED
2019-03-09 18:30:41,302 INFO  - Plus.HabboHotel.LandingView.LandingViewManager >> Landing View Manager -> LOADED
2019-03-09 18:30:41,320 INFO  - Plus.HabboHotel.Games.GameDataManager >> Game Data Manager -> LOADED
2019-03-09 18:30:41,331 INFO  - Mango.Global.ServerUpdater >> Server Status Updater has been started.
2019-03-09 18:30:41,354 INFO  - Plus.HabboHotel.Global.LanguageLocale >> Language Locale Manager -> LOADED
2019-03-09 18:30:41,729 INFO  - Plus.HabboHotel.Cache.CacheManager >> Cache Manager -> LOADED
2019-03-09 18:30:41,878 INFO  - Plus.HabboHotel.Badges.BadgeManager >> Loaded 10116 badge definitions.
2019-03-09 18:30:42,020 INFO  - Plus.HabboHotel.Permissions.PermissionManager >> Loaded 50 permissions.
2019-03-09 18:30:42,027 INFO  - Plus.HabboHotel.Permissions.PermissionManager >> Loaded 8 permissions groups.
2019-03-09 18:30:42,028 INFO  - Plus.HabboHotel.Permissions.PermissionManager >> Loaded 7 permissions group rights.
2019-03-09 18:30:42,028 INFO  - Plus.HabboHotel.Permissions.PermissionManager >> Loaded 1 permissions subscription rights.
2019-03-09 18:30:42,048 INFO  - Plus.HabboHotel.Subscriptions.SubscriptionManager >> Loaded 3 subscriptions.
2019-03-09 18:30:43,122 INFO  - ConnectionManager >> Successfully setup GameSocketManager on port (30000)!
2019-03-09 18:30:43,160 INFO  - ConnectionManager >> Maximum connections per IP has been set to [200]!
2019-03-09 18:30:43,192 INFO  - Plus.PlusEnvironment >> WADDOW EMULATOR -> DÉMARRÉ! (10 s, 234 ms)
2019-03-09 18:39:55,361 INFO  - Plus.PlusEnvironment >> Fermeture en cours...
2019-03-09 18:39:58,206 INFO  - Plus.HabboHotel.GameClients.GameClientManager >> Done saving users inventory!
2019-03-09 18:39:58,212 INFO  - Plus.HabboHotel.GameClients.GameClientManager >> Closing server connections...
2019-03-09 18:39:58,214 INFO  - Plus.HabboHotel.GameClients.GameClientManager >> Connections closed!
2019-03-09 18:39:58,231 INFO  - Plus.HabboHotel.Rooms.RoomManager >> Done disposing rooms!
2019-03-09 18:39:59,621 INFO  - Plus.PlusEnvironment >> WADDOW S'EST arrêté correctement.
2019-03-09 18:42:48,369 INFO  - Plus.PlusEnvironment >> Connected to Database!
2019-03-09 18:42:49,594 INFO  - Plus.HabboHotel.Moderation.ModerationManager >> Loaded 0 moderation presets.
2019-03-09 18:42:49,626 INFO  - Plus.HabboHotel.Moderation.ModerationManager >> Loaded 0 moderation categories.
2019-03-09 18:42:49,638 INFO  - Plus.HabboHotel.Moderation.ModerationManager >> Loaded 0 moderation action preset messages.
2019-03-09 18:42:49,638 INFO  - Plus.HabboHotel.Moderation.ModerationManager >> Cached 27 username and machine bans.
2019-03-09 18:42:49,639 INFO  - Plus.HabboHotel.Moderation.ModerationManager >> Moderation Manager -> LOADED
2019-03-09 18:42:50,946 INFO  - Plus.HabboHotel.Items.ItemDataManager >> Item Manager -> LOADED
2019-03-09 18:42:51,792 INFO  - Plus.HabboHotel.Catalog.CatalogManager >> Catalog Manager -> LOADED
2019-03-09 18:42:51,836 INFO  - Plus.HabboHotel.Items.Televisions.TelevisionManager >> Television Items -> LOADED
2019-03-09 18:42:51,895 INFO  - Plus.HabboHotel.Navigator.NavigatorManager >> Navigator -> LOADED
2019-03-09 18:42:51,960 INFO  - Plus.HabboHotel.Rooms.RoomManager >> Room Manager -> LOADED
2019-03-09 18:42:52,186 INFO  - Plus.HabboHotel.Rooms.Chat.Styles.ChatStyleManager >> Loaded 38 chat styles.
2019-03-09 18:42:52,187 INFO  - Plus.HabboHotel.Rooms.Chat.ChatManager >> Chat Manager -> LOADED
2019-03-09 18:42:52,221 INFO  - Plus.HabboHotel.Groups.GroupManager >> MÉTIERS -> CHARGÉS
2019-03-09 18:42:52,250 INFO  - Plus.HabboHotel.Quests.QuestManager >> Quest Manager -> LOADED
2019-03-09 18:42:52,294 INFO  - Plus.HabboHotel.Achievements.AchievementManager >> Achievement Manager -> LOADED
2019-03-09 18:42:52,417 INFO  - Plus.HabboHotel.LandingView.LandingViewManager >> Landing View Manager -> LOADED
2019-03-09 18:42:52,443 INFO  - Plus.HabboHotel.Games.GameDataManager >> Game Data Manager -> LOADED
2019-03-09 18:42:52,479 INFO  - Mango.Global.ServerUpdater >> Server Status Updater has been started.
2019-03-09 18:42:52,497 INFO  - Plus.HabboHotel.Global.LanguageLocale >> Language Locale Manager -> LOADED
2019-03-09 18:42:52,760 INFO  - Plus.HabboHotel.Cache.CacheManager >> Cache Manager -> LOADED
2019-03-09 18:42:52,947 INFO  - Plus.HabboHotel.Badges.BadgeManager >> Loaded 10116 badge definitions.
2019-03-09 18:42:53,061 INFO  - Plus.HabboHotel.Permissions.PermissionManager >> Loaded 50 permissions.
2019-03-09 18:42:53,072 INFO  - Plus.HabboHotel.Permissions.PermissionManager >> Loaded 8 permissions groups.
2019-03-09 18:42:53,075 INFO  - Plus.HabboHotel.Permissions.PermissionManager >> Loaded 7 permissions group rights.
2019-03-09 18:42:53,079 INFO  - Plus.HabboHotel.Permissions.PermissionManager >> Loaded 1 permissions subscription rights.
2019-03-09 18:42:53,102 INFO  - Plus.HabboHotel.Subscriptions.SubscriptionManager >> Loaded 3 subscriptions.
2019-03-09 18:42:55,164 INFO  - ConnectionManager >> Successfully setup GameSocketManager on port (30000)!
2019-03-09 18:42:55,186 INFO  - ConnectionManager >> Maximum connections per IP has been set to [200]!
2019-03-09 18:42:55,202 INFO  - Plus.PlusEnvironment >> WADDOW EMULATOR -> DÉMARRÉ! (15 s, 493 ms)
2019-03-09 19:05:52,957 ERROR - Plus.Core.ConsoleCommandHandler >> restart is an unknown or unsupported command. Type help for more information
2019-03-09 19:05:56,092 ERROR - Plus.Core.ConsoleCommandHandler >> help is an unknown or unsupported command. Type help for more information
2019-03-09 19:06:06,540 ERROR - Plus.Core.ConsoleCommandHandler >> aide is an unknown or unsupported command. Type help for more information
2019-03-09 19:06:09,447 ERROR - Plus.Core.ConsoleCommandHandler >> commands is an unknown or unsupported command. Type help for more information
2019-03-09 19:06:11,186 INFO  - Plus.PlusEnvironment >> Fermeture en cours...
2019-03-09 19:06:13,725 INFO  - Plus.HabboHotel.GameClients.GameClientManager >> Done saving users inventory!
2019-03-09 19:06:13,725 INFO  - Plus.HabboHotel.GameClients.GameClientManager >> Closing server connections...
2019-03-09 19:06:13,725 INFO  - Plus.HabboHotel.GameClients.GameClientManager >> Connections closed!
2019-03-09 19:06:13,729 INFO  - Plus.HabboHotel.Rooms.RoomManager >> Done disposing rooms!
2019-03-09 19:06:14,185 INFO  - Plus.PlusEnvironment >> WADDOW S'EST arrêté correctement.
2019-03-09 23:16:25,333 INFO  - Plus.PlusEnvironment >> Connected to Database!
2019-03-09 23:16:26,417 INFO  - Plus.HabboHotel.Moderation.ModerationManager >> Loaded 0 moderation presets.
2019-03-09 23:16:26,421 INFO  - Plus.HabboHotel.Moderation.ModerationManager >> Loaded 0 moderation categories.
2019-03-09 23:16:26,421 INFO  - Plus.HabboHotel.Moderation.ModerationManager >> Loaded 0 moderation action preset messages.
2019-03-09 23:16:26,421 INFO  - Plus.HabboHotel.Moderation.ModerationManager >> Cached 27 username and machine bans.
2019-03-09 23:16:26,421 INFO  - Plus.HabboHotel.Moderation.ModerationManager >> Moderation Manager -> LOADED
2019-03-09 23:16:27,088 INFO  - Plus.HabboHotel.Items.ItemDataManager >> Item Manager -> LOADED
2019-03-09 23:16:27,820 INFO  - Plus.HabboHotel.Catalog.CatalogManager >> Catalog Manager -> LOADED
2019-03-09 23:16:27,864 INFO  - Plus.HabboHotel.Items.Televisions.TelevisionManager >> Television Items -> LOADED
2019-03-09 23:16:27,968 INFO  - Plus.HabboHotel.Navigator.NavigatorManager >> Navigator -> LOADED
2019-03-09 23:16:28,036 INFO  - Plus.HabboHotel.Rooms.RoomManager >> Room Manager -> LOADED
2019-03-09 23:16:28,248 INFO  - Plus.HabboHotel.Rooms.Chat.Styles.ChatStyleManager >> Loaded 38 chat styles.
2019-03-09 23:16:28,248 INFO  - Plus.HabboHotel.Rooms.Chat.ChatManager >> Chat Manager -> LOADED
2019-03-09 23:16:28,308 INFO  - Plus.HabboHotel.Groups.GroupManager >> MÉTIERS -> CHARGÉS
2019-03-09 23:16:28,360 INFO  - Plus.HabboHotel.Quests.QuestManager >> Quest Manager -> LOADED
2019-03-09 23:16:28,432 INFO  - Plus.HabboHotel.Achievements.AchievementManager >> Achievement Manager -> LOADED
2019-03-09 23:16:28,616 INFO  - Plus.HabboHotel.LandingView.LandingViewManager >> Landing View Manager -> LOADED
2019-03-09 23:16:28,668 INFO  - Plus.HabboHotel.Games.GameDataManager >> Game Data Manager -> LOADED
2019-03-09 23:16:28,668 INFO  - Mango.Global.ServerUpdater >> Server Status Updater has been started.
2019-03-09 23:16:28,712 INFO  - Plus.HabboHotel.Global.LanguageLocale >> Language Locale Manager -> LOADED
2019-03-09 23:16:28,876 INFO  - Plus.HabboHotel.Cache.CacheManager >> Cache Manager -> LOADED
2019-03-09 23:16:29,080 INFO  - Plus.HabboHotel.Badges.BadgeManager >> Loaded 10116 badge definitions.
2019-03-09 23:16:29,308 INFO  - Plus.HabboHotel.Permissions.PermissionManager >> Loaded 50 permissions.
2019-03-09 23:16:29,308 INFO  - Plus.HabboHotel.Permissions.PermissionManager >> Loaded 8 permissions groups.
2019-03-09 23:16:29,308 INFO  - Plus.HabboHotel.Permissions.PermissionManager >> Loaded 7 permissions group rights.
2019-03-09 23:16:29,312 INFO  - Plus.HabboHotel.Permissions.PermissionManager >> Loaded 1 permissions subscription rights.
2019-03-09 23:16:29,356 INFO  - Plus.HabboHotel.Subscriptions.SubscriptionManager >> Loaded 3 subscriptions.
2019-03-09 23:16:30,157 INFO  - ConnectionManager >> Successfully setup GameSocketManager on port (30000)!
2019-03-09 23:16:30,157 INFO  - ConnectionManager >> Maximum connections per IP has been set to [200]!
2019-03-09 23:16:30,165 INFO  - Plus.PlusEnvironment >> WADDOW EMULATOR -> DÉMARRÉ! (7 s, 833 ms)
2019-03-09 23:19:33,311 INFO  - Plus.PlusEnvironment >> Fermeture en cours...
2019-03-09 23:19:35,858 INFO  - Plus.HabboHotel.GameClients.GameClientManager >> Done saving users inventory!
2019-03-09 23:19:35,858 INFO  - Plus.HabboHotel.GameClients.GameClientManager >> Closing server connections...
2019-03-09 23:19:35,858 INFO  - Plus.HabboHotel.GameClients.GameClientManager >> Connections closed!
2019-03-09 23:19:35,858 INFO  - Plus.HabboHotel.Rooms.RoomManager >> Done disposing rooms!
2019-03-09 23:19:36,103 INFO  - Plus.PlusEnvironment >> WADDOW S'EST arrêté correctement.
2019-03-09 23:19:40,330 INFO  - Plus.PlusEnvironment >> Connected to Database!
2019-03-09 23:19:40,690 INFO  - Plus.HabboHotel.Moderation.ModerationManager >> Loaded 0 moderation presets.
2019-03-09 23:19:40,694 INFO  - Plus.HabboHotel.Moderation.ModerationManager >> Loaded 0 moderation categories.
2019-03-09 23:19:40,694 INFO  - Plus.HabboHotel.Moderation.ModerationManager >> Loaded 0 moderation action preset messages.
2019-03-09 23:19:40,694 INFO  - Plus.HabboHotel.Moderation.ModerationManager >> Cached 27 username and machine bans.
2019-03-09 23:19:40,698 INFO  - Plus.HabboHotel.Moderation.ModerationManager >> Moderation Manager -> LOADED
2019-03-09 23:19:41,214 INFO  - Plus.HabboHotel.Items.ItemDataManager >> Item Manager -> LOADED
2019-03-09 23:19:41,647 INFO  - Plus.HabboHotel.Catalog.CatalogManager >> Catalog Manager -> LOADED
2019-03-09 23:19:41,663 INFO  - Plus.HabboHotel.Items.Televisions.TelevisionManager >> Television Items -> LOADED
2019-03-09 23:19:41,689 INFO  - Plus.HabboHotel.Navigator.NavigatorManager >> Navigator -> LOADED
2019-03-09 23:19:41,725 INFO  - Plus.HabboHotel.Rooms.RoomManager >> Room Manager -> LOADED
2019-03-09 23:19:41,808 INFO  - Plus.HabboHotel.Rooms.Chat.Styles.ChatStyleManager >> Loaded 38 chat styles.
2019-03-09 23:19:41,808 INFO  - Plus.HabboHotel.Rooms.Chat.ChatManager >> Chat Manager -> LOADED
2019-03-09 23:19:41,839 INFO  - Plus.HabboHotel.Groups.GroupManager >> MÉTIERS -> CHARGÉS
2019-03-09 23:19:41,855 INFO  - Plus.HabboHotel.Quests.QuestManager >> Quest Manager -> LOADED
2019-03-09 23:19:41,886 INFO  - Plus.HabboHotel.Achievements.AchievementManager >> Achievement Manager -> LOADED
2019-03-09 23:19:41,944 INFO  - Plus.HabboHotel.LandingView.LandingViewManager >> Landing View Manager -> LOADED
2019-03-09 23:19:41,960 INFO  - Plus.HabboHotel.Games.GameDataManager >> Game Data Manager -> LOADED
2019-03-09 23:19:41,960 INFO  - Mango.Global.ServerUpdater >> Server Status Updater has been started.
2019-03-09 23:19:41,960 INFO  - Plus.HabboHotel.Global.LanguageLocale >> Language Locale Manager -> LOADED
2019-03-09 23:19:42,038 INFO  - Plus.HabboHotel.Cache.CacheManager >> Cache Manager -> LOADED
2019-03-09 23:19:42,148 INFO  - Plus.HabboHotel.Badges.BadgeManager >> Loaded 10116 badge definitions.
2019-03-09 23:19:42,199 INFO  - Plus.HabboHotel.Permissions.PermissionManager >> Loaded 50 permissions.
2019-03-09 23:19:42,199 INFO  - Plus.HabboHotel.Permissions.PermissionManager >> Loaded 8 permissions groups.
2019-03-09 23:19:42,199 INFO  - Plus.HabboHotel.Permissions.PermissionManager >> Loaded 7 permissions group rights.
2019-03-09 23:19:42,199 INFO  - Plus.HabboHotel.Permissions.PermissionManager >> Loaded 1 permissions subscription rights.
2019-03-09 23:19:42,208 INFO  - Plus.HabboHotel.Subscriptions.SubscriptionManager >> Loaded 3 subscriptions.
2019-03-09 23:19:42,326 INFO  - ConnectionManager >> Successfully setup GameSocketManager on port (30000)!
2019-03-09 23:19:42,326 INFO  - ConnectionManager >> Maximum connections per IP has been set to [200]!
2019-03-09 23:19:42,331 INFO  - Plus.PlusEnvironment >> WADDOW EMULATOR -> DÉMARRÉ! (4 s, 3 ms)
2019-03-09 23:37:41,566 INFO  - Plus.PlusEnvironment >> Fermeture en cours...
2019-03-09 23:37:44,158 INFO  - Plus.HabboHotel.GameClients.GameClientManager >> Done saving users inventory!
2019-03-09 23:37:44,159 INFO  - Plus.HabboHotel.GameClients.GameClientManager >> Closing server connections...
2019-03-09 23:37:44,159 INFO  - Plus.HabboHotel.GameClients.GameClientManager >> Connections closed!
2019-03-09 23:37:44,164 INFO  - Plus.HabboHotel.Rooms.RoomManager >> Done disposing rooms!
2019-03-09 23:37:44,620 INFO  - Plus.PlusEnvironment >> WADDOW S'EST arrêté correctement.
2019-03-09 23:37:49,529 INFO  - Plus.PlusEnvironment >> Connected to Database!
2019-03-09 23:37:49,941 INFO  - Plus.HabboHotel.Moderation.ModerationManager >> Loaded 0 moderation presets.
2019-03-09 23:37:49,943 INFO  - Plus.HabboHotel.Moderation.ModerationManager >> Loaded 0 moderation categories.
2019-03-09 23:37:49,943 INFO  - Plus.HabboHotel.Moderation.ModerationManager >> Loaded 0 moderation action preset messages.
2019-03-09 23:37:49,944 INFO  - Plus.HabboHotel.Moderation.ModerationManager >> Cached 27 username and machine bans.
2019-03-09 23:37:49,944 INFO  - Plus.HabboHotel.Moderation.ModerationManager >> Moderation Manager -> LOADED
2019-03-09 23:37:50,697 INFO  - Plus.HabboHotel.Items.ItemDataManager >> Item Manager -> LOADED
2019-03-09 23:37:51,155 INFO  - Plus.HabboHotel.Catalog.CatalogManager >> Catalog Manager -> LOADED
2019-03-09 23:37:51,170 INFO  - Plus.HabboHotel.Items.Televisions.TelevisionManager >> Television Items -> LOADED
2019-03-09 23:37:51,198 INFO  - Plus.HabboHotel.Navigator.NavigatorManager >> Navigator -> LOADED
2019-03-09 23:37:51,232 INFO  - Plus.HabboHotel.Rooms.RoomManager >> Room Manager -> LOADED
2019-03-09 23:37:51,324 INFO  - Plus.HabboHotel.Rooms.Chat.Styles.ChatStyleManager >> Loaded 38 chat styles.
2019-03-09 23:37:51,325 INFO  - Plus.HabboHotel.Rooms.Chat.ChatManager >> Chat Manager -> LOADED
2019-03-09 23:37:51,346 INFO  - Plus.HabboHotel.Groups.GroupManager >> MÉTIERS -> CHARGÉS
2019-03-09 23:37:51,363 INFO  - Plus.HabboHotel.Quests.QuestManager >> Quest Manager -> LOADED
2019-03-09 23:37:51,396 INFO  - Plus.HabboHotel.Achievements.AchievementManager >> Achievement Manager -> LOADED
2019-03-09 23:37:51,470 INFO  - Plus.HabboHotel.LandingView.LandingViewManager >> Landing View Manager -> LOADED
2019-03-09 23:37:51,482 INFO  - Plus.HabboHotel.Games.GameDataManager >> Game Data Manager -> LOADED
2019-03-09 23:37:51,487 INFO  - Mango.Global.ServerUpdater >> Server Status Updater has been started.
2019-03-09 23:37:51,498 INFO  - Plus.HabboHotel.Global.LanguageLocale >> Language Locale Manager -> LOADED
2019-03-09 23:37:51,630 INFO  - Plus.HabboHotel.Cache.CacheManager >> Cache Manager -> LOADED
2019-03-09 23:37:51,746 INFO  - Plus.HabboHotel.Badges.BadgeManager >> Loaded 10116 badge definitions.
2019-03-09 23:37:51,803 INFO  - Plus.HabboHotel.Permissions.PermissionManager >> Loaded 50 permissions.
2019-03-09 23:37:51,804 INFO  - Plus.HabboHotel.Permissions.PermissionManager >> Loaded 8 permissions groups.
2019-03-09 23:37:51,805 INFO  - Plus.HabboHotel.Permissions.PermissionManager >> Loaded 7 permissions group rights.
2019-03-09 23:37:51,807 INFO  - Plus.HabboHotel.Permissions.PermissionManager >> Loaded 1 permissions subscription rights.
2019-03-09 23:37:51,821 INFO  - Plus.HabboHotel.Subscriptions.SubscriptionManager >> Loaded 3 subscriptions.
2019-03-09 23:37:52,289 INFO  - ConnectionManager >> Successfully setup GameSocketManager on port (30000)!
2019-03-09 23:37:52,290 INFO  - ConnectionManager >> Maximum connections per IP has been set to [200]!
2019-03-09 23:37:52,294 INFO  - Plus.PlusEnvironment >> WADDOW EMULATOR -> DÉMARRÉ! (5 s, 343 ms)
2019-03-09 23:53:01,192 INFO  - Plus.PlusEnvironment >> Fermeture en cours...
2019-03-09 23:53:03,738 INFO  - Plus.HabboHotel.GameClients.GameClientManager >> Done saving users inventory!
2019-03-09 23:53:03,741 INFO  - Plus.HabboHotel.GameClients.GameClientManager >> Closing server connections...
2019-03-09 23:53:03,742 INFO  - Plus.HabboHotel.GameClients.GameClientManager >> Connections closed!
2019-03-09 23:53:03,744 INFO  - Plus.HabboHotel.Rooms.RoomManager >> Done disposing rooms!
2019-03-09 23:53:04,225 INFO  - Plus.PlusEnvironment >> WADDOW S'EST arrêté correctement.
2019-03-09 23:56:36,414 INFO  - Plus.PlusEnvironment >> Connected to Database!
2019-03-09 23:57:34,104 INFO  - Plus.HabboHotel.Moderation.ModerationManager >> Loaded 0 moderation presets.
2019-03-09 23:57:34,104 INFO  - Plus.HabboHotel.Moderation.ModerationManager >> Loaded 0 moderation categories.
2019-03-09 23:57:34,104 INFO  - Plus.HabboHotel.Moderation.ModerationManager >> Loaded 0 moderation action preset messages.
2019-03-09 23:57:34,104 INFO  - Plus.HabboHotel.Moderation.ModerationManager >> Cached 27 username and machine bans.
2019-03-09 23:57:34,104 INFO  - Plus.HabboHotel.Moderation.ModerationManager >> Moderation Manager -> LOADED
2019-03-09 23:57:34,581 INFO  - Plus.HabboHotel.Items.ItemDataManager >> Item Manager -> LOADED
2019-03-09 23:57:35,015 INFO  - Plus.HabboHotel.Catalog.CatalogManager >> Catalog Manager -> LOADED
2019-03-09 23:57:35,030 INFO  - Plus.HabboHotel.Items.Televisions.TelevisionManager >> Television Items -> LOADED
2019-03-09 23:57:35,069 INFO  - Plus.HabboHotel.Navigator.NavigatorManager >> Navigator -> LOADED
2019-03-09 23:57:35,090 INFO  - Plus.HabboHotel.Rooms.RoomManager >> Room Manager -> LOADED
2019-03-09 23:57:35,172 INFO  - Plus.HabboHotel.Rooms.Chat.Styles.ChatStyleManager >> Loaded 38 chat styles.
2019-03-09 23:57:35,173 INFO  - Plus.HabboHotel.Rooms.Chat.ChatManager >> Chat Manager -> LOADED
2019-03-09 23:57:35,195 INFO  - Plus.HabboHotel.Groups.GroupManager >> MÉTIERS -> CHARGÉS
2019-03-09 23:57:35,211 INFO  - Plus.HabboHotel.Quests.QuestManager >> Quest Manager -> LOADED
2019-03-09 23:57:35,243 INFO  - Plus.HabboHotel.Achievements.AchievementManager >> Achievement Manager -> LOADED
2019-03-09 23:57:35,309 INFO  - Plus.HabboHotel.LandingView.LandingViewManager >> Landing View Manager -> LOADED
2019-03-09 23:57:35,320 INFO  - Plus.HabboHotel.Games.GameDataManager >> Game Data Manager -> LOADED
2019-03-09 23:57:35,322 INFO  - Mango.Global.ServerUpdater >> Server Status Updater has been started.
2019-03-09 23:57:35,332 INFO  - Plus.HabboHotel.Global.LanguageLocale >> Language Locale Manager -> LOADED
2019-03-09 23:57:35,437 INFO  - Plus.HabboHotel.Cache.CacheManager >> Cache Manager -> LOADED
2019-03-09 23:57:35,556 INFO  - Plus.HabboHotel.Badges.BadgeManager >> Loaded 10116 badge definitions.
2019-03-09 23:57:35,601 INFO  - Plus.HabboHotel.Permissions.PermissionManager >> Loaded 50 permissions.
2019-03-09 23:57:35,602 INFO  - Plus.HabboHotel.Permissions.PermissionManager >> Loaded 8 permissions groups.
2019-03-09 23:57:35,603 INFO  - Plus.HabboHotel.Permissions.PermissionManager >> Loaded 7 permissions group rights.
2019-03-09 23:57:35,604 INFO  - Plus.HabboHotel.Permissions.PermissionManager >> Loaded 1 permissions subscription rights.
2019-03-09 23:57:35,617 INFO  - Plus.HabboHotel.Subscriptions.SubscriptionManager >> Loaded 3 subscriptions.
2019-03-09 23:57:35,803 INFO  - ConnectionManager >> Successfully setup GameSocketManager on port (30000)!
2019-03-09 23:57:35,804 INFO  - ConnectionManager >> Maximum connections per IP has been set to [200]!
2019-03-09 23:57:35,809 INFO  - Plus.PlusEnvironment >> WADDOW EMULATOR -> DÉMARRÉ! (32 s, 950 ms)
2019-03-09 23:58:45,013 ERROR - Plus.Core.ConsoleCommandHandler >> jhhd is an unknown or unsupported command. Type help for more information
2019-03-09 23:58:46,616 INFO  - Plus.PlusEnvironment >> Fermeture en cours...
2019-03-09 23:58:49,147 INFO  - Plus.HabboHotel.GameClients.GameClientManager >> Done saving users inventory!
2019-03-09 23:58:49,148 INFO  - Plus.HabboHotel.GameClients.GameClientManager >> Closing server connections...
2019-03-09 23:58:49,148 INFO  - Plus.HabboHotel.GameClients.GameClientManager >> Connections closed!
2019-03-09 23:58:49,150 INFO  - Plus.HabboHotel.Rooms.RoomManager >> Done disposing rooms!
2019-03-09 23:58:49,360 INFO  - Plus.PlusEnvironment >> WADDOW S'EST arrêté correctement.
2019-03-09 23:59:14,616 INFO  - Plus.PlusEnvironment >> Connected to Database!
2019-03-09 23:59:14,929 INFO  - Plus.HabboHotel.Moderation.ModerationManager >> Loaded 0 moderation presets.
2019-03-09 23:59:14,945 INFO  - Plus.HabboHotel.Moderation.ModerationManager >> Loaded 0 moderation categories.
2019-03-09 23:59:14,945 INFO  - Plus.HabboHotel.Moderation.ModerationManager >> Loaded 0 moderation action preset messages.
2019-03-09 23:59:14,945 INFO  - Plus.HabboHotel.Moderation.ModerationManager >> Cached 27 username and machine bans.
2019-03-09 23:59:14,945 INFO  - Plus.HabboHotel.Moderation.ModerationManager >> Moderation Manager -> LOADED
2019-03-09 23:59:15,398 INFO  - Plus.HabboHotel.Items.ItemDataManager >> Item Manager -> LOADED
2019-03-09 23:59:15,826 INFO  - Plus.HabboHotel.Catalog.CatalogManager >> Catalog Manager -> LOADED
2019-03-09 23:59:15,835 INFO  - Plus.HabboHotel.Items.Televisions.TelevisionManager >> Television Items -> LOADED
2019-03-09 23:59:15,850 INFO  - Plus.HabboHotel.Navigator.NavigatorManager >> Navigator -> LOADED
2019-03-09 23:59:15,866 INFO  - Plus.HabboHotel.Rooms.RoomManager >> Room Manager -> LOADED
2019-03-09 23:59:15,960 INFO  - Plus.HabboHotel.Rooms.Chat.Styles.ChatStyleManager >> Loaded 38 chat styles.
2019-03-09 23:59:15,960 INFO  - Plus.HabboHotel.Rooms.Chat.ChatManager >> Chat Manager -> LOADED
2019-03-09 23:59:15,975 INFO  - Plus.HabboHotel.Groups.GroupManager >> MÉTIERS -> CHARGÉS
2019-03-09 23:59:15,991 INFO  - Plus.HabboHotel.Quests.QuestManager >> Quest Manager -> LOADED
2019-03-09 23:59:16,022 INFO  - Plus.HabboHotel.Achievements.AchievementManager >> Achievement Manager -> LOADED
2019-03-09 23:59:16,084 INFO  - Plus.HabboHotel.LandingView.LandingViewManager >> Landing View Manager -> LOADED
2019-03-09 23:59:16,084 INFO  - Plus.HabboHotel.Games.GameDataManager >> Game Data Manager -> LOADED
2019-03-09 23:59:16,084 INFO  - Mango.Global.ServerUpdater >> Server Status Updater has been started.
2019-03-09 23:59:16,100 INFO  - Plus.HabboHotel.Global.LanguageLocale >> Language Locale Manager -> LOADED
2019-03-09 23:59:16,162 INFO  - Plus.HabboHotel.Cache.CacheManager >> Cache Manager -> LOADED
2019-03-09 23:59:16,256 INFO  - Plus.HabboHotel.Badges.BadgeManager >> Loaded 10116 badge definitions.
2019-03-09 23:59:16,303 INFO  - Plus.HabboHotel.Permissions.PermissionManager >> Loaded 50 permissions.
2019-03-09 23:59:16,303 INFO  - Plus.HabboHotel.Permissions.PermissionManager >> Loaded 8 permissions groups.
2019-03-09 23:59:16,303 INFO  - Plus.HabboHotel.Permissions.PermissionManager >> Loaded 7 permissions group rights.
2019-03-09 23:59:16,303 INFO  - Plus.HabboHotel.Permissions.PermissionManager >> Loaded 1 permissions subscription rights.
2019-03-09 23:59:16,319 INFO  - Plus.HabboHotel.Subscriptions.SubscriptionManager >> Loaded 3 subscriptions.
2019-03-09 23:59:16,428 INFO  - ConnectionManager >> Successfully setup GameSocketManager on port (30000)!
2019-03-09 23:59:16,428 INFO  - ConnectionManager >> Maximum connections per IP has been set to [200]!
2019-03-09 23:59:16,428 INFO  - Plus.PlusEnvironment >> WADDOW EMULATOR -> DÉMARRÉ! (3 s, 546 ms)
2019-03-10 00:02:38,488 INFO  - Plus.PlusEnvironment >> Fermeture en cours...
2019-03-10 00:02:41,035 INFO  - Plus.HabboHotel.GameClients.GameClientManager >> Done saving users inventory!
2019-03-10 00:02:41,036 INFO  - Plus.HabboHotel.GameClients.GameClientManager >> Closing server connections...
2019-03-10 00:02:41,037 INFO  - Plus.HabboHotel.GameClients.GameClientManager >> Connections closed!
2019-03-10 00:02:41,040 INFO  - Plus.HabboHotel.Rooms.RoomManager >> Done disposing rooms!
2019-03-10 00:02:41,275 INFO  - Plus.PlusEnvironment >> WADDOW S'EST arrêté correctement.
2019-03-10 00:02:44,702 INFO  - Plus.PlusEnvironment >> Connected to Database!
2019-03-10 00:02:45,067 INFO  - Plus.HabboHotel.Moderation.ModerationManager >> Loaded 0 moderation presets.
2019-03-10 00:02:45,068 INFO  - Plus.HabboHotel.Moderation.ModerationManager >> Loaded 0 moderation categories.
2019-03-10 00:02:45,069 INFO  - Plus.HabboHotel.Moderation.ModerationManager >> Loaded 0 moderation action preset messages.
2019-03-10 00:02:45,069 INFO  - Plus.HabboHotel.Moderation.ModerationManager >> Cached 27 username and machine bans.
2019-03-10 00:02:45,069 INFO  - Plus.HabboHotel.Moderation.ModerationManager >> Moderation Manager -> LOADED
2019-03-10 00:02:45,574 INFO  - Plus.HabboHotel.Items.ItemDataManager >> Item Manager -> LOADED
2019-03-10 00:02:46,004 INFO  - Plus.HabboHotel.Catalog.CatalogManager >> Catalog Manager -> LOADED
2019-03-10 00:02:46,014 INFO  - Plus.HabboHotel.Items.Televisions.TelevisionManager >> Television Items -> LOADED
2019-03-10 00:02:46,037 INFO  - Plus.HabboHotel.Navigator.NavigatorManager >> Navigator -> LOADED
2019-03-10 00:02:46,063 INFO  - Plus.HabboHotel.Rooms.RoomManager >> Room Manager -> LOADED
2019-03-10 00:02:46,141 INFO  - Plus.HabboHotel.Rooms.Chat.Styles.ChatStyleManager >> Loaded 38 chat styles.
2019-03-10 00:02:46,141 INFO  - Plus.HabboHotel.Rooms.Chat.ChatManager >> Chat Manager -> LOADED
2019-03-10 00:02:46,161 INFO  - Plus.HabboHotel.Groups.GroupManager >> MÉTIERS -> CHARGÉS
2019-03-10 00:02:46,175 INFO  - Plus.HabboHotel.Quests.QuestManager >> Quest Manager -> LOADED
2019-03-10 00:02:46,202 INFO  - Plus.HabboHotel.Achievements.AchievementManager >> Achievement Manager -> LOADED
2019-03-10 00:02:46,254 INFO  - Plus.HabboHotel.LandingView.LandingViewManager >> Landing View Manager -> LOADED
2019-03-10 00:02:46,266 INFO  - Plus.HabboHotel.Games.GameDataManager >> Game Data Manager -> LOADED
2019-03-10 00:02:46,268 INFO  - Mango.Global.ServerUpdater >> Server Status Updater has been started.
2019-03-10 00:02:46,277 INFO  - Plus.HabboHotel.Global.LanguageLocale >> Language Locale Manager -> LOADED
2019-03-10 00:02:46,361 INFO  - Plus.HabboHotel.Cache.CacheManager >> Cache Manager -> LOADED
2019-03-10 00:02:46,451 INFO  - Plus.HabboHotel.Badges.BadgeManager >> Loaded 10116 badge definitions.
2019-03-10 00:02:46,501 INFO  - Plus.HabboHotel.Permissions.PermissionManager >> Loaded 50 permissions.
2019-03-10 00:02:46,502 INFO  - Plus.HabboHotel.Permissions.PermissionManager >> Loaded 8 permissions groups.
2019-03-10 00:02:46,503 INFO  - Plus.HabboHotel.Permissions.PermissionManager >> Loaded 7 permissions group rights.
2019-03-10 00:02:46,504 INFO  - Plus.HabboHotel.Permissions.PermissionManager >> Loaded 1 permissions subscription rights.
2019-03-10 00:02:46,517 INFO  - Plus.HabboHotel.Subscriptions.SubscriptionManager >> Loaded 3 subscriptions.
2019-03-10 00:02:46,630 INFO  - ConnectionManager >> Successfully setup GameSocketManager on port (30000)!
2019-03-10 00:02:46,631 INFO  - ConnectionManager >> Maximum connections per IP has been set to [200]!
2019-03-10 00:02:46,635 INFO  - Plus.PlusEnvironment >> WADDOW EMULATOR -> DÉMARRÉ! (4 s, 45 ms)
2019-03-10 00:38:08,422 INFO  - Plus.PlusEnvironment >> Fermeture en cours...
2019-03-10 00:38:10,978 INFO  - Plus.HabboHotel.GameClients.GameClientManager >> Done saving users inventory!
2019-03-10 00:38:10,979 INFO  - Plus.HabboHotel.GameClients.GameClientManager >> Closing server connections...
2019-03-10 00:38:10,980 INFO  - Plus.HabboHotel.GameClients.GameClientManager >> Connections closed!
2019-03-10 00:38:10,982 INFO  - Plus.HabboHotel.Rooms.RoomManager >> Done disposing rooms!
2019-03-10 00:38:11,325 INFO  - Plus.PlusEnvironment >> WADDOW S'EST arrêté correctement.
2019-03-10 00:39:11,306 INFO  - Plus.PlusEnvironment >> Connected to Database!
2019-03-10 00:39:11,686 INFO  - Plus.HabboHotel.Moderation.ModerationManager >> Loaded 0 moderation presets.
2019-03-10 00:39:11,687 INFO  - Plus.HabboHotel.Moderation.ModerationManager >> Loaded 0 moderation categories.
2019-03-10 00:39:11,688 INFO  - Plus.HabboHotel.Moderation.ModerationManager >> Loaded 0 moderation action preset messages.
2019-03-10 00:39:11,688 INFO  - Plus.HabboHotel.Moderation.ModerationManager >> Cached 27 username and machine bans.
2019-03-10 00:39:11,688 INFO  - Plus.HabboHotel.Moderation.ModerationManager >> Moderation Manager -> LOADED
2019-03-10 00:39:12,167 INFO  - Plus.HabboHotel.Items.ItemDataManager >> Item Manager -> LOADED
2019-03-10 00:39:12,618 INFO  - Plus.HabboHotel.Catalog.CatalogManager >> Catalog Manager -> LOADED
2019-03-10 00:39:12,631 INFO  - Plus.HabboHotel.Items.Televisions.TelevisionManager >> Television Items -> LOADED
2019-03-10 00:39:12,662 INFO  - Plus.HabboHotel.Navigator.NavigatorManager >> Navigator -> LOADED
2019-03-10 00:39:12,693 INFO  - Plus.HabboHotel.Rooms.RoomManager >> Room Manager -> LOADED
2019-03-10 00:39:12,797 INFO  - Plus.HabboHotel.Rooms.Chat.Styles.ChatStyleManager >> Loaded 38 chat styles.
2019-03-10 00:39:12,799 INFO  - Plus.HabboHotel.Rooms.Chat.ChatManager >> Chat Manager -> LOADED
2019-03-10 00:39:12,829 INFO  - Plus.HabboHotel.Groups.GroupManager >> MÉTIERS -> CHARGÉS
2019-03-10 00:39:12,851 INFO  - Plus.HabboHotel.Quests.QuestManager >> Quest Manager -> LOADED
2019-03-10 00:39:12,885 INFO  - Plus.HabboHotel.Achievements.AchievementManager >> Achievement Manager -> LOADED
2019-03-10 00:39:12,946 INFO  - Plus.HabboHotel.LandingView.LandingViewManager >> Landing View Manager -> LOADED
2019-03-10 00:39:12,957 INFO  - Plus.HabboHotel.Games.GameDataManager >> Game Data Manager -> LOADED
2019-03-10 00:39:12,960 INFO  - Mango.Global.ServerUpdater >> Server Status Updater has been started.
2019-03-10 00:39:12,973 INFO  - Plus.HabboHotel.Global.LanguageLocale >> Language Locale Manager -> LOADED
2019-03-10 00:39:13,089 INFO  - Plus.HabboHotel.Cache.CacheManager >> Cache Manager -> LOADED
2019-03-10 00:39:13,212 INFO  - Plus.HabboHotel.Badges.BadgeManager >> Loaded 10116 badge definitions.
2019-03-10 00:39:13,257 INFO  - Plus.HabboHotel.Permissions.PermissionManager >> Loaded 50 permissions.
2019-03-10 00:39:13,258 INFO  - Plus.HabboHotel.Permissions.PermissionManager >> Loaded 8 permissions groups.
2019-03-10 00:39:13,260 INFO  - Plus.HabboHotel.Permissions.PermissionManager >> Loaded 7 permissions group rights.
2019-03-10 00:39:13,261 INFO  - Plus.HabboHotel.Permissions.PermissionManager >> Loaded 1 permissions subscription rights.
2019-03-10 00:39:13,271 INFO  - Plus.HabboHotel.Subscriptions.SubscriptionManager >> Loaded 3 subscriptions.
2019-03-10 00:39:13,413 INFO  - ConnectionManager >> Successfully setup GameSocketManager on port (30000)!
2019-03-10 00:39:13,415 INFO  - ConnectionManager >> Maximum connections per IP has been set to [200]!
2019-03-10 00:39:13,421 INFO  - Plus.PlusEnvironment >> WADDOW EMULATOR -> DÉMARRÉ! (4 s, 360 ms)
2019-03-10 00:50:17,571 INFO  - Plus.PlusEnvironment >> Connected to Database!
2019-03-10 00:50:18,338 INFO  - Plus.HabboHotel.Moderation.ModerationManager >> Loaded 0 moderation presets.
2019-03-10 00:50:18,340 INFO  - Plus.HabboHotel.Moderation.ModerationManager >> Loaded 0 moderation categories.
2019-03-10 00:50:18,340 INFO  - Plus.HabboHotel.Moderation.ModerationManager >> Loaded 0 moderation action preset messages.
2019-03-10 00:50:18,341 INFO  - Plus.HabboHotel.Moderation.ModerationManager >> Cached 27 username and machine bans.
2019-03-10 00:50:18,342 INFO  - Plus.HabboHotel.Moderation.ModerationManager >> Moderation Manager -> LOADED
2019-03-10 00:50:19,624 INFO  - Plus.HabboHotel.Items.ItemDataManager >> Item Manager -> LOADED
2019-03-10 00:50:20,385 INFO  - Plus.HabboHotel.Catalog.CatalogManager >> Catalog Manager -> LOADED
2019-03-10 00:50:20,393 INFO  - Plus.HabboHotel.Items.Televisions.TelevisionManager >> Television Items -> LOADED
2019-03-10 00:50:20,421 INFO  - Plus.HabboHotel.Navigator.NavigatorManager >> Navigator -> LOADED
2019-03-10 00:50:20,465 INFO  - Plus.HabboHotel.Rooms.RoomManager >> Room Manager -> LOADED
2019-03-10 00:50:20,631 INFO  - Plus.HabboHotel.Rooms.Chat.Styles.ChatStyleManager >> Loaded 38 chat styles.
2019-03-10 00:50:20,633 INFO  - Plus.HabboHotel.Rooms.Chat.ChatManager >> Chat Manager -> LOADED
2019-03-10 00:50:20,656 INFO  - Plus.HabboHotel.Groups.GroupManager >> MÉTIERS -> CHARGÉS
2019-03-10 00:50:20,673 INFO  - Plus.HabboHotel.Quests.QuestManager >> Quest Manager -> LOADED
2019-03-10 00:50:20,748 INFO  - Plus.HabboHotel.Achievements.AchievementManager >> Achievement Manager -> LOADED
2019-03-10 00:50:20,823 INFO  - Plus.HabboHotel.LandingView.LandingViewManager >> Landing View Manager -> LOADED
2019-03-10 00:50:20,847 INFO  - Plus.HabboHotel.Games.GameDataManager >> Game Data Manager -> LOADED
2019-03-10 00:50:20,851 INFO  - Mango.Global.ServerUpdater >> Server Status Updater has been started.
2019-03-10 00:50:20,942 INFO  - Plus.HabboHotel.Global.LanguageLocale >> Language Locale Manager -> LOADED
2019-03-10 00:50:21,357 INFO  - Plus.HabboHotel.Cache.CacheManager >> Cache Manager -> LOADED
2019-03-10 00:50:21,571 INFO  - Plus.HabboHotel.Badges.BadgeManager >> Loaded 10116 badge definitions.
2019-03-10 00:50:21,632 INFO  - Plus.HabboHotel.Permissions.PermissionManager >> Loaded 50 permissions.
2019-03-10 00:50:21,634 INFO  - Plus.HabboHotel.Permissions.PermissionManager >> Loaded 8 permissions groups.
2019-03-10 00:50:21,636 INFO  - Plus.HabboHotel.Permissions.PermissionManager >> Loaded 7 permissions group rights.
2019-03-10 00:50:21,638 INFO  - Plus.HabboHotel.Permissions.PermissionManager >> Loaded 1 permissions subscription rights.
2019-03-10 00:50:21,660 INFO  - Plus.HabboHotel.Subscriptions.SubscriptionManager >> Loaded 3 subscriptions.
2019-03-10 00:50:22,435 INFO  - ConnectionManager >> Successfully setup GameSocketManager on port (30000)!
2019-03-10 00:50:22,438 INFO  - ConnectionManager >> Maximum connections per IP has been set to [200]!
2019-03-10 00:50:22,448 INFO  - Plus.PlusEnvironment >> WADDOW EMULATOR -> DÉMARRÉ! (8 s, 634 ms)
2019-03-10 00:58:34,291 INFO  - Plus.PlusEnvironment >> Fermeture en cours...
2019-03-10 00:58:36,862 INFO  - Plus.HabboHotel.GameClients.GameClientManager >> Done saving users inventory!
2019-03-10 00:58:36,864 INFO  - Plus.HabboHotel.GameClients.GameClientManager >> Closing server connections...
2019-03-10 00:58:36,865 INFO  - Plus.HabboHotel.GameClients.GameClientManager >> Connections closed!
2019-03-10 00:58:36,870 INFO  - Plus.HabboHotel.Rooms.RoomManager >> Done disposing rooms!
2019-03-10 00:58:37,262 INFO  - Plus.PlusEnvironment >> WADDOW S'EST arrêté correctement.
2019-03-10 11:40:46,977 INFO  - Plus.PlusEnvironment >> Connected to Database!
2019-03-10 11:40:49,638 INFO  - Plus.HabboHotel.Moderation.ModerationManager >> Loaded 0 moderation presets.
2019-03-10 11:40:49,640 INFO  - Plus.HabboHotel.Moderation.ModerationManager >> Loaded 0 moderation categories.
2019-03-10 11:40:49,640 INFO  - Plus.HabboHotel.Moderation.ModerationManager >> Loaded 0 moderation action preset messages.
2019-03-10 11:40:49,641 INFO  - Plus.HabboHotel.Moderation.ModerationManager >> Cached 27 username and machine bans.
2019-03-10 11:40:49,641 INFO  - Plus.HabboHotel.Moderation.ModerationManager >> Moderation Manager -> LOADED
2019-03-10 11:40:51,125 INFO  - Plus.HabboHotel.Items.ItemDataManager >> Item Manager -> LOADED
2019-03-10 11:40:53,253 INFO  - Plus.HabboHotel.Catalog.CatalogManager >> Catalog Manager -> LOADED
2019-03-10 11:40:53,389 INFO  - Plus.HabboHotel.Items.Televisions.TelevisionManager >> Television Items -> LOADED
2019-03-10 11:40:53,578 INFO  - Plus.HabboHotel.Navigator.NavigatorManager >> Navigator -> LOADED
2019-03-10 11:40:53,868 INFO  - Plus.HabboHotel.Rooms.RoomManager >> Room Manager -> LOADED
2019-03-10 11:40:54,451 INFO  - Plus.HabboHotel.Rooms.Chat.Styles.ChatStyleManager >> Loaded 38 chat styles.
2019-03-10 11:40:54,452 INFO  - Plus.HabboHotel.Rooms.Chat.ChatManager >> Chat Manager -> LOADED
2019-03-10 11:40:54,607 INFO  - Plus.HabboHotel.Groups.GroupManager >> MÉTIERS -> CHARGÉS
2019-03-10 11:40:54,744 INFO  - Plus.HabboHotel.Quests.QuestManager >> Quest Manager -> LOADED
2019-03-10 11:40:54,939 INFO  - Plus.HabboHotel.Achievements.AchievementManager >> Achievement Manager -> LOADED
2019-03-10 11:40:56,239 INFO  - Plus.HabboHotel.LandingView.LandingViewManager >> Landing View Manager -> LOADED
2019-03-10 11:40:56,374 INFO  - Plus.HabboHotel.Games.GameDataManager >> Game Data Manager -> LOADED
2019-03-10 11:40:56,377 INFO  - Mango.Global.ServerUpdater >> Server Status Updater has been started.
2019-03-10 11:40:56,516 INFO  - Plus.HabboHotel.Global.LanguageLocale >> Language Locale Manager -> LOADED
2019-03-10 11:40:56,769 INFO  - Plus.HabboHotel.Cache.CacheManager >> Cache Manager -> LOADED
2019-03-10 11:40:57,796 INFO  - Plus.HabboHotel.Badges.BadgeManager >> Loaded 10116 badge definitions.
2019-03-10 11:40:58,480 INFO  - Plus.HabboHotel.Permissions.PermissionManager >> Loaded 50 permissions.
2019-03-10 11:40:58,480 INFO  - Plus.HabboHotel.Permissions.PermissionManager >> Loaded 8 permissions groups.
2019-03-10 11:40:58,481 INFO  - Plus.HabboHotel.Permissions.PermissionManager >> Loaded 7 permissions group rights.
2019-03-10 11:40:58,482 INFO  - Plus.HabboHotel.Permissions.PermissionManager >> Loaded 3 permissions subscription rights.
2019-03-10 11:40:58,612 INFO  - Plus.HabboHotel.Subscriptions.SubscriptionManager >> Loaded 3 subscriptions.
2019-03-10 11:41:26,481 INFO  - Plus.PlusEnvironment >> Fermeture en cours...
2019-03-10 11:43:43,331 INFO  - Plus.PlusEnvironment >> Connected to Database!
2019-03-10 11:43:45,871 INFO  - Plus.HabboHotel.Moderation.ModerationManager >> Loaded 0 moderation presets.
2019-03-10 11:43:45,872 INFO  - Plus.HabboHotel.Moderation.ModerationManager >> Loaded 0 moderation categories.
2019-03-10 11:43:45,873 INFO  - Plus.HabboHotel.Moderation.ModerationManager >> Loaded 0 moderation action preset messages.
2019-03-10 11:43:45,874 INFO  - Plus.HabboHotel.Moderation.ModerationManager >> Cached 27 username and machine bans.
2019-03-10 11:43:45,874 INFO  - Plus.HabboHotel.Moderation.ModerationManager >> Moderation Manager -> LOADED
2019-03-10 11:43:47,176 INFO  - Plus.HabboHotel.Items.ItemDataManager >> Item Manager -> LOADED
2019-03-10 11:43:49,192 INFO  - Plus.HabboHotel.Catalog.CatalogManager >> Catalog Manager -> LOADED
2019-03-10 11:43:49,323 INFO  - Plus.HabboHotel.Items.Televisions.TelevisionManager >> Television Items -> LOADED
2019-03-10 11:43:49,510 INFO  - Plus.HabboHotel.Navigator.NavigatorManager >> Navigator -> LOADED
2019-03-10 11:43:49,802 INFO  - Plus.HabboHotel.Rooms.RoomManager >> Room Manager -> LOADED
2019-03-10 11:43:50,365 INFO  - Plus.HabboHotel.Rooms.Chat.Styles.ChatStyleManager >> Loaded 38 chat styles.
2019-03-10 11:43:50,366 INFO  - Plus.HabboHotel.Rooms.Chat.ChatManager >> Chat Manager -> LOADED
2019-03-10 11:43:50,532 INFO  - Plus.HabboHotel.Groups.GroupManager >> MÉTIERS -> CHARGÉS
2019-03-10 11:43:50,674 INFO  - Plus.HabboHotel.Quests.QuestManager >> Quest Manager -> LOADED
2019-03-10 11:43:50,885 INFO  - Plus.HabboHotel.Achievements.AchievementManager >> Achievement Manager -> LOADED
2019-03-10 11:43:51,679 INFO  - Plus.HabboHotel.LandingView.LandingViewManager >> Landing View Manager -> LOADED
2019-03-10 11:43:51,816 INFO  - Plus.HabboHotel.Games.GameDataManager >> Game Data Manager -> LOADED
2019-03-10 11:43:51,818 INFO  - Mango.Global.ServerUpdater >> Server Status Updater has been started.
2019-03-10 11:43:51,951 INFO  - Plus.HabboHotel.Global.LanguageLocale >> Language Locale Manager -> LOADED
2019-03-10 11:43:52,122 INFO  - Plus.HabboHotel.Cache.CacheManager >> Cache Manager -> LOADED
2019-03-10 11:43:52,675 INFO  - Plus.HabboHotel.Badges.BadgeManager >> Loaded 10116 badge definitions.
2019-03-10 11:43:53,330 INFO  - Plus.HabboHotel.Permissions.PermissionManager >> Loaded 50 permissions.
2019-03-10 11:43:53,332 INFO  - Plus.HabboHotel.Permissions.PermissionManager >> Loaded 8 permissions groups.
2019-03-10 11:43:53,334 INFO  - Plus.HabboHotel.Permissions.PermissionManager >> Loaded 7 permissions group rights.
2019-03-10 11:43:53,335 INFO  - Plus.HabboHotel.Permissions.PermissionManager >> Loaded 3 permissions subscription rights.
2019-03-10 11:43:53,468 INFO  - Plus.HabboHotel.Subscriptions.SubscriptionManager >> Loaded 3 subscriptions.
2019-03-10 15:16:39,352 INFO  - Plus.PlusEnvironment >> Connected to Database!
2019-03-10 15:16:42,591 INFO  - Plus.HabboHotel.Moderation.ModerationManager >> Loaded 0 moderation presets.
2019-03-10 15:16:42,777 INFO  - Plus.HabboHotel.Moderation.ModerationManager >> Loaded 0 moderation categories.
2019-03-10 15:16:42,812 INFO  - Plus.HabboHotel.Moderation.ModerationManager >> Loaded 0 moderation action preset messages.
2019-03-10 15:16:42,925 INFO  - Plus.HabboHotel.Moderation.ModerationManager >> Cached 27 username and machine bans.
2019-03-10 15:16:42,967 INFO  - Plus.HabboHotel.Moderation.ModerationManager >> Moderation Manager -> LOADED
2019-03-10 15:16:45,470 INFO  - Plus.HabboHotel.Items.ItemDataManager >> Item Manager -> LOADED
2019-03-10 15:16:47,929 INFO  - Plus.HabboHotel.Catalog.CatalogManager >> Catalog Manager -> LOADED
2019-03-10 15:16:48,089 INFO  - Plus.HabboHotel.Items.Televisions.TelevisionManager >> Television Items -> LOADED
2019-03-10 15:16:48,295 INFO  - Plus.HabboHotel.Navigator.NavigatorManager >> Navigator -> LOADED
2019-03-10 15:16:48,652 INFO  - Plus.HabboHotel.Rooms.RoomManager >> Room Manager -> LOADED
2019-03-10 15:16:49,459 INFO  - Plus.HabboHotel.Rooms.Chat.Styles.ChatStyleManager >> Loaded 38 chat styles.
2019-03-10 15:16:49,478 INFO  - Plus.HabboHotel.Rooms.Chat.ChatManager >> Chat Manager -> LOADED
2019-03-10 15:16:49,631 INFO  - Plus.HabboHotel.Groups.GroupManager >> MÉTIERS -> CHARGÉS
2019-03-10 15:16:49,796 INFO  - Plus.HabboHotel.Quests.QuestManager >> Quest Manager -> LOADED
2019-03-10 15:16:50,015 INFO  - Plus.HabboHotel.Achievements.AchievementManager >> Achievement Manager -> LOADED
2019-03-10 15:16:50,834 INFO  - Plus.HabboHotel.LandingView.LandingViewManager >> Landing View Manager -> LOADED
2019-03-10 15:16:50,981 INFO  - Plus.HabboHotel.Games.GameDataManager >> Game Data Manager -> LOADED
2019-03-10 15:16:50,995 INFO  - Mango.Global.ServerUpdater >> Server Status Updater has been started.
2019-03-10 15:16:51,128 INFO  - Plus.HabboHotel.Global.LanguageLocale >> Language Locale Manager -> LOADED
2019-03-10 15:16:51,502 INFO  - Plus.HabboHotel.Cache.CacheManager >> Cache Manager -> LOADED
2019-03-10 15:16:52,155 INFO  - Plus.HabboHotel.Badges.BadgeManager >> Loaded 10116 badge definitions.
2019-03-10 15:16:52,878 INFO  - Plus.HabboHotel.Permissions.PermissionManager >> Loaded 50 permissions.
2019-03-10 15:16:52,894 INFO  - Plus.HabboHotel.Permissions.PermissionManager >> Loaded 8 permissions groups.
2019-03-10 15:16:52,896 INFO  - Plus.HabboHotel.Permissions.PermissionManager >> Loaded 7 permissions group rights.
2019-03-10 15:16:52,898 INFO  - Plus.HabboHotel.Permissions.PermissionManager >> Loaded 3 permissions subscription rights.
2019-03-10 15:16:53,039 INFO  - Plus.HabboHotel.Subscriptions.SubscriptionManager >> Loaded 3 subscriptions.
2019-03-10 18:38:24,863 INFO  - Plus.PlusEnvironment >> Connected to Database!
2019-03-10 18:53:12,743 INFO  - Plus.HabboHotel.Moderation.ModerationManager >> Loaded 0 moderation presets.
2019-03-10 18:53:12,758 INFO  - Plus.HabboHotel.Moderation.ModerationManager >> Loaded 0 moderation categories.
2019-03-10 18:53:12,759 INFO  - Plus.HabboHotel.Moderation.ModerationManager >> Loaded 0 moderation action preset messages.
2019-03-10 18:53:12,761 INFO  - Plus.HabboHotel.Moderation.ModerationManager >> Cached 27 username and machine bans.
2019-03-10 18:53:12,762 INFO  - Plus.HabboHotel.Moderation.ModerationManager >> Moderation Manager -> LOADED
2019-03-10 18:53:15,836 INFO  - Plus.HabboHotel.Items.ItemDataManager >> Item Manager -> LOADED
2019-03-10 18:53:19,044 INFO  - Plus.HabboHotel.Catalog.CatalogManager >> Catalog Manager -> LOADED
2019-03-10 18:53:19,263 INFO  - Plus.HabboHotel.Items.Televisions.TelevisionManager >> Television Items -> LOADED
2019-03-10 18:53:19,562 INFO  - Plus.HabboHotel.Navigator.NavigatorManager >> Navigator -> LOADED
2019-03-10 18:53:19,992 INFO  - Plus.HabboHotel.Rooms.RoomManager >> Room Manager -> LOADED
2019-03-10 18:53:20,977 INFO  - Plus.HabboHotel.Rooms.Chat.Styles.ChatStyleManager >> Loaded 38 chat styles.
2019-03-10 18:53:20,979 INFO  - Plus.HabboHotel.Rooms.Chat.ChatManager >> Chat Manager -> LOADED
2019-03-10 18:53:21,205 INFO  - Plus.HabboHotel.Groups.GroupManager >> MÉTIERS -> CHARGÉS
2019-03-10 18:53:21,543 INFO  - Plus.HabboHotel.Quests.QuestManager >> Quest Manager -> LOADED
2019-03-10 18:53:21,861 INFO  - Plus.HabboHotel.Achievements.AchievementManager >> Achievement Manager -> LOADED
2019-03-10 18:53:23,894 INFO  - Plus.HabboHotel.LandingView.LandingViewManager >> Landing View Manager -> LOADED
2019-03-10 18:53:24,115 INFO  - Plus.HabboHotel.Games.GameDataManager >> Game Data Manager -> LOADED
2019-03-10 18:53:24,119 INFO  - Mango.Global.ServerUpdater >> Server Status Updater has been started.
2019-03-10 18:53:24,331 INFO  - Plus.HabboHotel.Global.LanguageLocale >> Language Locale Manager -> LOADED
2019-03-10 18:53:24,754 INFO  - Plus.HabboHotel.Cache.CacheManager >> Cache Manager -> LOADED
2019-03-10 18:53:25,803 INFO  - Plus.HabboHotel.Badges.BadgeManager >> Loaded 10116 badge definitions.
2019-03-10 18:53:26,985 INFO  - Plus.HabboHotel.Permissions.PermissionManager >> Loaded 50 permissions.
2019-03-10 18:53:28,234 INFO  - Plus.HabboHotel.Permissions.PermissionManager >> Loaded 8 permissions groups.
2019-03-10 18:53:29,327 INFO  - Plus.HabboHotel.Permissions.PermissionManager >> Loaded 7 permissions group rights.
2019-03-10 18:53:30,064 INFO  - Plus.HabboHotel.Permissions.PermissionManager >> Loaded 3 permissions subscription rights.
2019-03-10 18:53:30,514 INFO  - Plus.HabboHotel.Subscriptions.SubscriptionManager >> Loaded 3 subscriptions.
2019-03-10 18:59:13,377 INFO  - Plus.PlusEnvironment >> Connected to Database!
2019-03-10 18:59:18,907 INFO  - Plus.HabboHotel.Moderation.ModerationManager >> Loaded 0 moderation presets.
2019-03-10 18:59:18,925 INFO  - Plus.HabboHotel.Moderation.ModerationManager >> Loaded 0 moderation categories.
2019-03-10 18:59:18,928 INFO  - Plus.HabboHotel.Moderation.ModerationManager >> Loaded 0 moderation action preset messages.
2019-03-10 18:59:18,934 INFO  - Plus.HabboHotel.Moderation.ModerationManager >> Cached 27 username and machine bans.
2019-03-10 18:59:18,934 INFO  - Plus.HabboHotel.Moderation.ModerationManager >> Moderation Manager -> LOADED
2019-03-10 18:59:21,443 INFO  - Plus.HabboHotel.Items.ItemDataManager >> Item Manager -> LOADED
2019-03-10 18:59:25,470 INFO  - Plus.HabboHotel.Catalog.CatalogManager >> Catalog Manager -> LOADED
2019-03-10 18:59:25,815 INFO  - Plus.HabboHotel.Items.Televisions.TelevisionManager >> Television Items -> LOADED
2019-03-10 18:59:26,377 INFO  - Plus.HabboHotel.Navigator.NavigatorManager >> Navigator -> LOADED
2019-03-10 18:59:26,805 INFO  - Plus.HabboHotel.Rooms.RoomManager >> Room Manager -> LOADED
2019-03-10 18:59:29,001 INFO  - Plus.HabboHotel.Rooms.Chat.Styles.ChatStyleManager >> Loaded 38 chat styles.
2019-03-10 18:59:29,044 INFO  - Plus.HabboHotel.Rooms.Chat.ChatManager >> Chat Manager -> LOADED
2019-03-10 18:59:29,261 INFO  - Plus.HabboHotel.Groups.GroupManager >> MÉTIERS -> CHARGÉS
2019-03-10 18:59:29,499 INFO  - Plus.HabboHotel.Quests.QuestManager >> Quest Manager -> LOADED
2019-03-10 18:59:30,156 INFO  - Plus.HabboHotel.Achievements.AchievementManager >> Achievement Manager -> LOADED
2019-03-10 18:59:31,336 INFO  - Plus.HabboHotel.LandingView.LandingViewManager >> Landing View Manager -> LOADED
2019-03-10 18:59:31,554 INFO  - Plus.HabboHotel.Games.GameDataManager >> Game Data Manager -> LOADED
2019-03-10 18:59:31,726 INFO  - Mango.Global.ServerUpdater >> Server Status Updater has been started.
2019-03-10 18:59:32,210 INFO  - Plus.HabboHotel.Global.LanguageLocale >> Language Locale Manager -> LOADED
2019-03-10 18:59:32,940 INFO  - Plus.HabboHotel.Cache.CacheManager >> Cache Manager -> LOADED
2019-03-10 18:59:33,873 INFO  - Plus.HabboHotel.Badges.BadgeManager >> Loaded 10116 badge definitions.
2019-03-10 18:59:35,901 INFO  - Plus.HabboHotel.Permissions.PermissionManager >> Loaded 50 permissions.
2019-03-10 18:59:35,915 INFO  - Plus.HabboHotel.Permissions.PermissionManager >> Loaded 8 permissions groups.
2019-03-10 18:59:35,917 INFO  - Plus.HabboHotel.Permissions.PermissionManager >> Loaded 7 permissions group rights.
2019-03-10 18:59:35,919 INFO  - Plus.HabboHotel.Permissions.PermissionManager >> Loaded 3 permissions subscription rights.
2019-03-10 18:59:36,112 INFO  - Plus.HabboHotel.Subscriptions.SubscriptionManager >> Loaded 3 subscriptions.
2019-03-10 19:00:01,983 INFO  - Plus.PlusEnvironment >> Fermeture en cours...
2019-03-10 20:13:34,877 INFO  - Plus.PlusEnvironment >> Connected to Database!
2019-03-10 20:13:38,267 INFO  - Plus.HabboHotel.Moderation.ModerationManager >> Loaded 0 moderation presets.
2019-03-10 20:13:38,325 INFO  - Plus.HabboHotel.Moderation.ModerationManager >> Loaded 0 moderation categories.
2019-03-10 20:13:38,325 INFO  - Plus.HabboHotel.Moderation.ModerationManager >> Loaded 0 moderation action preset messages.
2019-03-10 20:13:38,326 INFO  - Plus.HabboHotel.Moderation.ModerationManager >> Cached 27 username and machine bans.
2019-03-10 20:13:38,326 INFO  - Plus.HabboHotel.Moderation.ModerationManager >> Moderation Manager -> LOADED
2019-03-10 20:13:40,625 INFO  - Plus.HabboHotel.Items.ItemDataManager >> Item Manager -> LOADED
2019-03-10 20:13:43,981 INFO  - Plus.HabboHotel.Catalog.CatalogManager >> Catalog Manager -> LOADED
2019-03-10 20:13:44,162 INFO  - Plus.HabboHotel.Items.Televisions.TelevisionManager >> Television Items -> LOADED
2019-03-10 20:13:44,412 INFO  - Plus.HabboHotel.Navigator.NavigatorManager >> Navigator -> LOADED
2019-03-10 20:13:44,759 INFO  - Plus.HabboHotel.Rooms.RoomManager >> Room Manager -> LOADED
2019-03-10 20:13:46,700 INFO  - Plus.HabboHotel.Rooms.Chat.Styles.ChatStyleManager >> Loaded 38 chat styles.
2019-03-10 20:13:46,712 INFO  - Plus.HabboHotel.Rooms.Chat.ChatManager >> Chat Manager -> LOADED
2019-03-10 20:13:46,889 INFO  - Plus.HabboHotel.Groups.GroupManager >> MÉTIERS -> CHARGÉS
2019-03-10 20:13:47,064 INFO  - Plus.HabboHotel.Quests.QuestManager >> Quest Manager -> LOADED
2019-03-10 20:13:47,429 INFO  - Plus.HabboHotel.Achievements.AchievementManager >> Achievement Manager -> LOADED
2019-03-10 20:13:48,291 INFO  - Plus.HabboHotel.LandingView.LandingViewManager >> Landing View Manager -> LOADED
2019-03-10 20:13:48,457 INFO  - Plus.HabboHotel.Games.GameDataManager >> Game Data Manager -> LOADED
2019-03-10 20:13:48,461 INFO  - Mango.Global.ServerUpdater >> Server Status Updater has been started.
2019-03-10 20:13:48,591 INFO  - Plus.HabboHotel.Global.LanguageLocale >> Language Locale Manager -> LOADED
2019-03-10 20:13:48,901 INFO  - Plus.HabboHotel.Cache.CacheManager >> Cache Manager -> LOADED
2019-03-10 20:13:49,473 INFO  - Plus.HabboHotel.Badges.BadgeManager >> Loaded 10116 badge definitions.
2019-03-10 20:13:50,150 INFO  - Plus.HabboHotel.Permissions.PermissionManager >> Loaded 50 permissions.
2019-03-10 20:13:50,152 INFO  - Plus.HabboHotel.Permissions.PermissionManager >> Loaded 8 permissions groups.
2019-03-10 20:13:50,154 INFO  - Plus.HabboHotel.Permissions.PermissionManager >> Loaded 7 permissions group rights.
2019-03-10 20:13:50,156 INFO  - Plus.HabboHotel.Permissions.PermissionManager >> Loaded 3 permissions subscription rights.
2019-03-10 20:13:50,289 INFO  - Plus.HabboHotel.Subscriptions.SubscriptionManager >> Loaded 3 subscriptions.
2019-03-10 21:10:47,419 INFO  - Plus.PlusEnvironment >> Connected to Database!
2019-03-10 21:10:50,549 INFO  - Plus.HabboHotel.Moderation.ModerationManager >> Loaded 0 moderation presets.
2019-03-10 21:10:50,550 INFO  - Plus.HabboHotel.Moderation.ModerationManager >> Loaded 0 moderation categories.
2019-03-10 21:10:50,550 INFO  - Plus.HabboHotel.Moderation.ModerationManager >> Loaded 0 moderation action preset messages.
2019-03-10 21:10:50,551 INFO  - Plus.HabboHotel.Moderation.ModerationManager >> Cached 27 username and machine bans.
2019-03-10 21:10:50,551 INFO  - Plus.HabboHotel.Moderation.ModerationManager >> Moderation Manager -> LOADED
2019-03-10 21:10:52,419 INFO  - Plus.HabboHotel.Items.ItemDataManager >> Item Manager -> LOADED
2019-03-10 21:10:56,265 INFO  - Plus.HabboHotel.Catalog.CatalogManager >> Catalog Manager -> LOADED
2019-03-10 21:10:57,845 INFO  - Plus.HabboHotel.Items.Televisions.TelevisionManager >> Television Items -> LOADED
2019-03-10 21:10:59,550 INFO  - Plus.HabboHotel.Navigator.NavigatorManager >> Navigator -> LOADED
2019-03-10 21:11:00,508 INFO  - Plus.HabboHotel.Rooms.RoomManager >> Room Manager -> LOADED
2019-03-10 21:11:01,925 INFO  - Plus.HabboHotel.Rooms.Chat.Styles.ChatStyleManager >> Loaded 38 chat styles.
2019-03-10 21:11:02,765 INFO  - Plus.HabboHotel.Rooms.Chat.ChatManager >> Chat Manager -> LOADED
2019-03-10 21:11:03,370 INFO  - Plus.HabboHotel.Groups.GroupManager >> MÉTIERS -> CHARGÉS
2019-03-10 21:11:04,683 INFO  - Plus.HabboHotel.Quests.QuestManager >> Quest Manager -> LOADED
2019-03-10 21:11:04,967 INFO  - Plus.HabboHotel.Achievements.AchievementManager >> Achievement Manager -> LOADED
2019-03-10 21:11:06,517 INFO  - Plus.HabboHotel.LandingView.LandingViewManager >> Landing View Manager -> LOADED
2019-03-10 21:11:06,725 INFO  - Plus.HabboHotel.Games.GameDataManager >> Game Data Manager -> LOADED
2019-03-10 21:11:06,770 INFO  - Mango.Global.ServerUpdater >> Server Status Updater has been started.
2019-03-10 21:11:06,907 INFO  - Plus.HabboHotel.Global.LanguageLocale >> Language Locale Manager -> LOADED
2019-03-10 21:11:07,504 INFO  - Plus.HabboHotel.Cache.CacheManager >> Cache Manager -> LOADED
2019-03-10 21:11:08,241 INFO  - Plus.HabboHotel.Badges.BadgeManager >> Loaded 10116 badge definitions.
2019-03-10 21:11:09,053 INFO  - Plus.HabboHotel.Permissions.PermissionManager >> Loaded 50 permissions.
2019-03-10 21:11:09,064 INFO  - Plus.HabboHotel.Permissions.PermissionManager >> Loaded 8 permissions groups.
2019-03-10 21:11:09,066 INFO  - Plus.HabboHotel.Permissions.PermissionManager >> Loaded 7 permissions group rights.
2019-03-10 21:11:09,068 INFO  - Plus.HabboHotel.Permissions.PermissionManager >> Loaded 3 permissions subscription rights.
2019-03-10 21:11:09,222 INFO  - Plus.HabboHotel.Subscriptions.SubscriptionManager >> Loaded 3 subscriptions.
2019-03-10 21:11:37,010 INFO  - Plus.PlusEnvironment >> Fermeture en cours...
2019-03-10 22:17:13,343 INFO  - Plus.PlusEnvironment >> Connected to Database!
2019-03-10 22:17:16,911 INFO  - Plus.HabboHotel.Moderation.ModerationManager >> Loaded 0 moderation presets.
2019-03-10 22:17:16,919 INFO  - Plus.HabboHotel.Moderation.ModerationManager >> Loaded 0 moderation categories.
2019-03-10 22:17:16,919 INFO  - Plus.HabboHotel.Moderation.ModerationManager >> Loaded 0 moderation action preset messages.
2019-03-10 22:17:16,920 INFO  - Plus.HabboHotel.Moderation.ModerationManager >> Cached 27 username and machine bans.
2019-03-10 22:17:16,920 INFO  - Plus.HabboHotel.Moderation.ModerationManager >> Moderation Manager -> LOADED
2019-03-10 22:17:18,819 INFO  - Plus.HabboHotel.Items.ItemDataManager >> Item Manager -> LOADED
2019-03-10 22:17:21,733 INFO  - Plus.HabboHotel.Catalog.CatalogManager >> Catalog Manager -> LOADED
2019-03-10 22:17:21,870 INFO  - Plus.HabboHotel.Items.Televisions.TelevisionManager >> Television Items -> LOADED
2019-03-10 22:17:22,087 INFO  - Plus.HabboHotel.Navigator.NavigatorManager >> Navigator -> LOADED
2019-03-10 22:17:22,476 INFO  - Plus.HabboHotel.Rooms.RoomManager >> Room Manager -> LOADED
2019-03-10 22:17:23,143 INFO  - Plus.HabboHotel.Rooms.Chat.Styles.ChatStyleManager >> Loaded 38 chat styles.
2019-03-10 22:17:23,145 INFO  - Plus.HabboHotel.Rooms.Chat.ChatManager >> Chat Manager -> LOADED
2019-03-10 22:17:23,301 INFO  - Plus.HabboHotel.Groups.GroupManager >> MÉTIERS -> CHARGÉS
2019-03-10 22:17:23,457 INFO  - Plus.HabboHotel.Quests.QuestManager >> Quest Manager -> LOADED
2019-03-10 22:17:23,672 INFO  - Plus.HabboHotel.Achievements.AchievementManager >> Achievement Manager -> LOADED
2019-03-10 22:17:24,585 INFO  - Plus.HabboHotel.LandingView.LandingViewManager >> Landing View Manager -> LOADED
2019-03-10 22:17:24,759 INFO  - Plus.HabboHotel.Games.GameDataManager >> Game Data Manager -> LOADED
2019-03-10 22:17:24,787 INFO  - Mango.Global.ServerUpdater >> Server Status Updater has been started.
2019-03-10 22:17:24,952 INFO  - Plus.HabboHotel.Global.LanguageLocale >> Language Locale Manager -> LOADED
2019-03-10 22:17:25,603 INFO  - Plus.HabboHotel.Cache.CacheManager >> Cache Manager -> LOADED
2019-03-10 22:17:26,319 INFO  - Plus.HabboHotel.Badges.BadgeManager >> Loaded 10116 badge definitions.
2019-03-10 22:17:27,828 INFO  - Plus.HabboHotel.Permissions.PermissionManager >> Loaded 50 permissions.
2019-03-10 22:17:27,837 INFO  - Plus.HabboHotel.Permissions.PermissionManager >> Loaded 8 permissions groups.
2019-03-10 22:17:27,839 INFO  - Plus.HabboHotel.Permissions.PermissionManager >> Loaded 7 permissions group rights.
2019-03-10 22:17:27,840 INFO  - Plus.HabboHotel.Permissions.PermissionManager >> Loaded 3 permissions subscription rights.
2019-03-10 22:17:28,007 INFO  - Plus.HabboHotel.Subscriptions.SubscriptionManager >> Loaded 3 subscriptions.
2019-03-10 22:17:55,057 INFO  - Plus.PlusEnvironment >> Fermeture en cours...
2019-03-12 20:21:32,973 INFO  - Plus.PlusEnvironment >> Connected to Database!
2019-03-12 20:21:39,008 INFO  - Plus.HabboHotel.Moderation.ModerationManager >> Loaded 0 moderation presets.
2019-03-12 20:21:39,303 INFO  - Plus.HabboHotel.Moderation.ModerationManager >> Loaded 0 moderation categories.
2019-03-12 20:21:39,951 INFO  - Plus.HabboHotel.Moderation.ModerationManager >> Loaded 0 moderation action preset messages.
2019-03-12 20:21:40,358 INFO  - Plus.HabboHotel.Moderation.ModerationManager >> Cached 27 username and machine bans.
2019-03-12 20:21:40,919 INFO  - Plus.HabboHotel.Moderation.ModerationManager >> Moderation Manager -> LOADED
2019-03-12 20:21:45,551 INFO  - Plus.HabboHotel.Items.ItemDataManager >> Item Manager -> LOADED
2019-03-12 20:21:49,107 INFO  - Plus.HabboHotel.Catalog.CatalogManager >> Catalog Manager -> LOADED
2019-03-12 20:21:49,703 INFO  - Plus.HabboHotel.Items.Televisions.TelevisionManager >> Television Items -> LOADED
2019-03-12 20:21:50,346 INFO  - Plus.HabboHotel.Navigator.NavigatorManager >> Navigator -> LOADED
2019-03-12 20:21:53,983 INFO  - Plus.HabboHotel.Rooms.RoomManager >> Room Manager -> LOADED
2019-03-12 20:21:54,950 INFO  - Plus.HabboHotel.Rooms.Chat.Styles.ChatStyleManager >> Loaded 38 chat styles.
2019-03-12 20:21:54,962 INFO  - Plus.HabboHotel.Rooms.Chat.ChatManager >> Chat Manager -> LOADED
2019-03-12 20:21:55,136 INFO  - Plus.HabboHotel.Groups.GroupManager >> MÉTIERS -> CHARGÉS
2019-03-12 20:21:55,326 INFO  - Plus.HabboHotel.Quests.QuestManager >> Quest Manager -> LOADED
2019-03-12 20:21:55,586 INFO  - Plus.HabboHotel.Achievements.AchievementManager >> Achievement Manager -> LOADED
2019-03-12 20:21:56,643 INFO  - Plus.HabboHotel.LandingView.LandingViewManager >> Landing View Manager -> LOADED
2019-03-12 20:21:56,968 INFO  - Plus.HabboHotel.Games.GameDataManager >> Game Data Manager -> LOADED
2019-03-12 20:21:56,993 INFO  - Mango.Global.ServerUpdater >> Server Status Updater has been started.
2019-03-12 20:21:57,128 INFO  - Plus.HabboHotel.Global.LanguageLocale >> Language Locale Manager -> LOADED
2019-03-12 20:21:57,683 INFO  - Plus.HabboHotel.Cache.CacheManager >> Cache Manager -> LOADED
2019-03-12 20:21:58,330 INFO  - Plus.HabboHotel.Badges.BadgeManager >> Loaded 10116 badge definitions.
2019-03-12 20:21:59,015 INFO  - Plus.HabboHotel.Permissions.PermissionManager >> Loaded 50 permissions.
2019-03-12 20:21:59,020 INFO  - Plus.HabboHotel.Permissions.PermissionManager >> Loaded 8 permissions groups.
2019-03-12 20:21:59,022 INFO  - Plus.HabboHotel.Permissions.PermissionManager >> Loaded 7 permissions group rights.
2019-03-12 20:21:59,023 INFO  - Plus.HabboHotel.Permissions.PermissionManager >> Loaded 3 permissions subscription rights.
2019-03-12 20:21:59,169 INFO  - Plus.HabboHotel.Subscriptions.SubscriptionManager >> Loaded 3 subscriptions.
2019-03-12 20:22:27,216 INFO  - Plus.PlusEnvironment >> Fermeture en cours...
2019-03-16 12:52:21,854 INFO  - Plus.PlusEnvironment >> Connected to Database!
2019-03-16 12:52:25,918 INFO  - Plus.HabboHotel.Moderation.ModerationManager >> Loaded 0 moderation presets.
2019-03-16 12:52:25,920 INFO  - Plus.HabboHotel.Moderation.ModerationManager >> Loaded 0 moderation categories.
2019-03-16 12:52:25,920 INFO  - Plus.HabboHotel.Moderation.ModerationManager >> Loaded 0 moderation action preset messages.
2019-03-16 12:52:25,921 INFO  - Plus.HabboHotel.Moderation.ModerationManager >> Cached 27 username and machine bans.
2019-03-16 12:52:25,921 INFO  - Plus.HabboHotel.Moderation.ModerationManager >> Moderation Manager -> LOADED
2019-03-16 12:52:29,659 INFO  - Plus.HabboHotel.Items.ItemDataManager >> Item Manager -> LOADED
2019-03-16 12:52:31,320 ERROR - Plus.HabboHotel.Catalog.CatalogManager >> Couldn't load Catalog Item 1000000113, no furniture record found.
2019-03-16 12:52:31,914 INFO  - Plus.HabboHotel.Catalog.CatalogManager >> Catalog Manager -> LOADED
2019-03-16 12:52:32,063 INFO  - Plus.HabboHotel.Items.Televisions.TelevisionManager >> Television Items -> LOADED
2019-03-16 12:52:32,260 INFO  - Plus.HabboHotel.Navigator.NavigatorManager >> Navigator -> LOADED
2019-03-16 12:52:32,557 INFO  - Plus.HabboHotel.Rooms.RoomManager >> Room Manager -> LOADED
2019-03-16 12:52:33,156 INFO  - Plus.HabboHotel.Rooms.Chat.Styles.ChatStyleManager >> Loaded 38 chat styles.
2019-03-16 12:52:33,228 INFO  - Plus.HabboHotel.Rooms.Chat.ChatManager >> Chat Manager -> LOADED
2019-03-16 12:52:33,425 INFO  - Plus.HabboHotel.Groups.GroupManager >> MÉTIERS -> CHARGÉS
2019-03-16 12:52:33,723 INFO  - Plus.HabboHotel.Quests.QuestManager >> Quest Manager -> LOADED
2019-03-16 12:52:33,940 INFO  - Plus.HabboHotel.Achievements.AchievementManager >> Achievement Manager -> LOADED
2019-03-16 12:52:34,789 INFO  - Plus.HabboHotel.LandingView.LandingViewManager >> Landing View Manager -> LOADED
2019-03-16 12:52:34,938 INFO  - Plus.HabboHotel.Games.GameDataManager >> Game Data Manager -> LOADED
2019-03-16 12:52:34,945 INFO  - Mango.Global.ServerUpdater >> Server Status Updater has been started.
2019-03-16 12:52:35,131 INFO  - Plus.HabboHotel.Global.LanguageLocale >> Language Locale Manager -> LOADED
2019-03-16 12:52:36,326 INFO  - Plus.HabboHotel.Cache.CacheManager >> Cache Manager -> LOADED
2019-03-16 12:52:36,907 INFO  - Plus.HabboHotel.Badges.BadgeManager >> Loaded 10116 badge definitions.
2019-03-16 12:52:37,600 INFO  - Plus.HabboHotel.Permissions.PermissionManager >> Loaded 50 permissions.
2019-03-16 12:52:37,609 INFO  - Plus.HabboHotel.Permissions.PermissionManager >> Loaded 8 permissions groups.
2019-03-16 12:52:37,615 INFO  - Plus.HabboHotel.Permissions.PermissionManager >> Loaded 7 permissions group rights.
2019-03-16 12:52:37,623 INFO  - Plus.HabboHotel.Permissions.PermissionManager >> Loaded 3 permissions subscription rights.
2019-03-16 12:52:37,765 INFO  - Plus.HabboHotel.Subscriptions.SubscriptionManager >> Loaded 3 subscriptions.
2019-03-16 12:53:05,097 INFO  - Plus.PlusEnvironment >> Fermeture en cours...
2019-03-16 12:54:49,463 INFO  - Plus.PlusEnvironment >> Connected to Database!
2019-03-16 12:54:52,160 INFO  - Plus.HabboHotel.Moderation.ModerationManager >> Loaded 0 moderation presets.
2019-03-16 12:54:52,163 INFO  - Plus.HabboHotel.Moderation.ModerationManager >> Loaded 0 moderation categories.
2019-03-16 12:54:52,164 INFO  - Plus.HabboHotel.Moderation.ModerationManager >> Loaded 0 moderation action preset messages.
2019-03-16 12:54:52,165 INFO  - Plus.HabboHotel.Moderation.ModerationManager >> Cached 27 username and machine bans.
2019-03-16 12:54:52,167 INFO  - Plus.HabboHotel.Moderation.ModerationManager >> Moderation Manager -> LOADED
2019-03-16 12:54:53,549 INFO  - Plus.HabboHotel.Items.ItemDataManager >> Item Manager -> LOADED
2019-03-16 12:55:01,236 ERROR - Plus.HabboHotel.Catalog.CatalogManager >> Couldn't load Catalog Item 1000000113, no furniture record found.
2019-03-16 12:55:11,258 INFO  - Plus.HabboHotel.Catalog.CatalogManager >> Catalog Manager -> LOADED
2019-03-16 12:55:11,392 INFO  - Plus.HabboHotel.Items.Televisions.TelevisionManager >> Television Items -> LOADED
2019-03-16 12:55:11,583 INFO  - Plus.HabboHotel.Navigator.NavigatorManager >> Navigator -> LOADED
2019-03-16 12:55:11,973 INFO  - Plus.HabboHotel.Rooms.RoomManager >> Room Manager -> LOADED
2019-03-16 12:55:12,582 INFO  - Plus.HabboHotel.Rooms.Chat.Styles.ChatStyleManager >> Loaded 38 chat styles.
2019-03-16 12:55:12,584 INFO  - Plus.HabboHotel.Rooms.Chat.ChatManager >> Chat Manager -> LOADED
2019-03-16 12:55:12,809 INFO  - Plus.HabboHotel.Groups.GroupManager >> MÉTIERS -> CHARGÉS
2019-03-16 12:55:12,962 INFO  - Plus.HabboHotel.Quests.QuestManager >> Quest Manager -> LOADED
2019-03-16 12:55:13,167 INFO  - Plus.HabboHotel.Achievements.AchievementManager >> Achievement Manager -> LOADED
2019-03-16 12:55:14,003 INFO  - Plus.HabboHotel.LandingView.LandingViewManager >> Landing View Manager -> LOADED
2019-03-16 12:55:14,138 INFO  - Plus.HabboHotel.Games.GameDataManager >> Game Data Manager -> LOADED
2019-03-16 12:55:14,141 INFO  - Mango.Global.ServerUpdater >> Server Status Updater has been started.
2019-03-16 12:55:14,278 INFO  - Plus.HabboHotel.Global.LanguageLocale >> Language Locale Manager -> LOADED
2019-03-16 12:55:14,491 INFO  - Plus.HabboHotel.Cache.CacheManager >> Cache Manager -> LOADED
2019-03-16 12:55:15,127 INFO  - Plus.HabboHotel.Badges.BadgeManager >> Loaded 10116 badge definitions.
2019-03-16 12:55:15,916 INFO  - Plus.HabboHotel.Permissions.PermissionManager >> Loaded 50 permissions.
2019-03-16 12:55:15,917 INFO  - Plus.HabboHotel.Permissions.PermissionManager >> Loaded 8 permissions groups.
2019-03-16 12:55:15,919 INFO  - Plus.HabboHotel.Permissions.PermissionManager >> Loaded 7 permissions group rights.
2019-03-16 12:55:15,920 INFO  - Plus.HabboHotel.Permissions.PermissionManager >> Loaded 3 permissions subscription rights.
2019-03-16 12:55:16,204 INFO  - Plus.HabboHotel.Subscriptions.SubscriptionManager >> Loaded 3 subscriptions.
2019-03-16 14:55:20,606 INFO  - Plus.PlusEnvironment >> Connected to Database!
2019-03-16 14:55:27,828 INFO  - Plus.HabboHotel.Moderation.ModerationManager >> Loaded 0 moderation presets.
2019-03-16 14:55:27,829 INFO  - Plus.HabboHotel.Moderation.ModerationManager >> Loaded 0 moderation categories.
2019-03-16 14:55:27,830 INFO  - Plus.HabboHotel.Moderation.ModerationManager >> Loaded 0 moderation action preset messages.
2019-03-16 14:55:27,830 INFO  - Plus.HabboHotel.Moderation.ModerationManager >> Cached 27 username and machine bans.
2019-03-16 14:55:27,830 INFO  - Plus.HabboHotel.Moderation.ModerationManager >> Moderation Manager -> LOADED
2019-03-16 14:55:32,289 INFO  - Plus.HabboHotel.Items.ItemDataManager >> Item Manager -> LOADED
2019-03-16 14:55:38,309 ERROR - Plus.HabboHotel.Catalog.CatalogManager >> Couldn't load Catalog Item 1000000113, no furniture record found.
2019-03-16 14:55:39,472 INFO  - Plus.HabboHotel.Catalog.CatalogManager >> Catalog Manager -> LOADED
2019-03-16 14:55:39,771 INFO  - Plus.HabboHotel.Items.Televisions.TelevisionManager >> Television Items -> LOADED
2019-03-16 14:55:40,238 INFO  - Plus.HabboHotel.Navigator.NavigatorManager >> Navigator -> LOADED
2019-03-16 14:55:40,959 INFO  - Plus.HabboHotel.Rooms.RoomManager >> Room Manager -> LOADED
2019-03-16 14:55:42,884 INFO  - Plus.HabboHotel.Rooms.Chat.Styles.ChatStyleManager >> Loaded 38 chat styles.
2019-03-16 14:55:42,887 INFO  - Plus.HabboHotel.Rooms.Chat.ChatManager >> Chat Manager -> LOADED
2019-03-16 14:55:43,379 INFO  - Plus.HabboHotel.Groups.GroupManager >> MÉTIERS -> CHARGÉS
2019-03-16 14:55:43,716 INFO  - Plus.HabboHotel.Quests.QuestManager >> Quest Manager -> LOADED
2019-03-16 14:55:44,177 INFO  - Plus.HabboHotel.Achievements.AchievementManager >> Achievement Manager -> LOADED
2019-03-16 14:55:46,301 INFO  - Plus.HabboHotel.LandingView.LandingViewManager >> Landing View Manager -> LOADED
2019-03-16 14:55:46,560 INFO  - Plus.HabboHotel.Games.GameDataManager >> Game Data Manager -> LOADED
2019-03-16 14:55:46,562 INFO  - Mango.Global.ServerUpdater >> Server Status Updater has been started.
2019-03-16 14:55:46,833 INFO  - Plus.HabboHotel.Global.LanguageLocale >> Language Locale Manager -> LOADED
2019-03-16 14:55:47,251 INFO  - Plus.HabboHotel.Cache.CacheManager >> Cache Manager -> LOADED
2019-03-16 14:55:48,469 INFO  - Plus.HabboHotel.Badges.BadgeManager >> Loaded 10116 badge definitions.
2019-03-16 14:55:50,386 INFO  - Plus.HabboHotel.Permissions.PermissionManager >> Loaded 50 permissions.
2019-03-16 14:55:50,388 INFO  - Plus.HabboHotel.Permissions.PermissionManager >> Loaded 8 permissions groups.
2019-03-16 14:55:50,389 INFO  - Plus.HabboHotel.Permissions.PermissionManager >> Loaded 7 permissions group rights.
2019-03-16 14:55:50,392 INFO  - Plus.HabboHotel.Permissions.PermissionManager >> Loaded 3 permissions subscription rights.
2019-03-16 14:55:50,875 INFO  - Plus.HabboHotel.Subscriptions.SubscriptionManager >> Loaded 3 subscriptions.
2019-03-16 14:56:16,736 INFO  - Plus.PlusEnvironment >> Fermeture en cours...
2019-03-16 22:19:43,560 INFO  - Plus.PlusEnvironment >> Connected to Database!
2019-03-16 22:19:46,426 INFO  - Plus.HabboHotel.Moderation.ModerationManager >> Loaded 0 moderation presets.
2019-03-16 22:19:46,427 INFO  - Plus.HabboHotel.Moderation.ModerationManager >> Loaded 0 moderation categories.
2019-03-16 22:19:46,428 INFO  - Plus.HabboHotel.Moderation.ModerationManager >> Loaded 0 moderation action preset messages.
2019-03-16 22:19:46,429 INFO  - Plus.HabboHotel.Moderation.ModerationManager >> Cached 27 username and machine bans.
2019-03-16 22:19:46,429 INFO  - Plus.HabboHotel.Moderation.ModerationManager >> Moderation Manager -> LOADED
2019-03-16 22:19:48,113 INFO  - Plus.HabboHotel.Items.ItemDataManager >> Item Manager -> LOADED
2019-03-16 22:19:50,180 ERROR - Plus.HabboHotel.Catalog.CatalogManager >> Couldn't load Catalog Item 1000000113, no furniture record found.
2019-03-16 22:19:50,828 INFO  - Plus.HabboHotel.Catalog.CatalogManager >> Catalog Manager -> LOADED
2019-03-16 22:19:50,958 INFO  - Plus.HabboHotel.Items.Televisions.TelevisionManager >> Television Items -> LOADED
2019-03-16 22:19:51,152 INFO  - Plus.HabboHotel.Navigator.NavigatorManager >> Navigator -> LOADED
2019-03-16 22:19:51,457 INFO  - Plus.HabboHotel.Rooms.RoomManager >> Room Manager -> LOADED
2019-03-16 22:19:52,066 INFO  - Plus.HabboHotel.Rooms.Chat.Styles.ChatStyleManager >> Loaded 38 chat styles.
2019-03-16 22:19:52,069 INFO  - Plus.HabboHotel.Rooms.Chat.ChatManager >> Chat Manager -> LOADED
2019-03-16 22:19:52,228 INFO  - Plus.HabboHotel.Groups.GroupManager >> MÉTIERS -> CHARGÉS
2019-03-16 22:19:52,377 INFO  - Plus.HabboHotel.Quests.QuestManager >> Quest Manager -> LOADED
2019-03-16 22:19:52,578 INFO  - Plus.HabboHotel.Achievements.AchievementManager >> Achievement Manager -> LOADED
2019-03-16 22:19:53,380 INFO  - Plus.HabboHotel.LandingView.LandingViewManager >> Landing View Manager -> LOADED
2019-03-16 22:19:53,518 INFO  - Plus.HabboHotel.Games.GameDataManager >> Game Data Manager -> LOADED
2019-03-16 22:19:53,522 INFO  - Mango.Global.ServerUpdater >> Server Status Updater has been started.
2019-03-16 22:19:53,660 INFO  - Plus.HabboHotel.Global.LanguageLocale >> Language Locale Manager -> LOADED
2019-03-16 22:19:53,970 INFO  - Plus.HabboHotel.Cache.CacheManager >> Cache Manager -> LOADED
2019-03-16 22:19:54,553 INFO  - Plus.HabboHotel.Badges.BadgeManager >> Loaded 10116 badge definitions.
2019-03-16 22:19:55,221 INFO  - Plus.HabboHotel.Permissions.PermissionManager >> Loaded 50 permissions.
2019-03-16 22:19:55,222 INFO  - Plus.HabboHotel.Permissions.PermissionManager >> Loaded 8 permissions groups.
2019-03-16 22:19:55,224 INFO  - Plus.HabboHotel.Permissions.PermissionManager >> Loaded 7 permissions group rights.
2019-03-16 22:19:55,225 INFO  - Plus.HabboHotel.Permissions.PermissionManager >> Loaded 3 permissions subscription rights.
2019-03-16 22:19:55,359 INFO  - Plus.HabboHotel.Subscriptions.SubscriptionManager >> Loaded 3 subscriptions.
2019-03-17 13:18:49,644 INFO  - Plus.PlusEnvironment >> Connected to Database!
2019-03-17 13:18:53,459 INFO  - Plus.HabboHotel.Moderation.ModerationManager >> Loaded 0 moderation presets.
2019-03-17 13:18:53,461 INFO  - Plus.HabboHotel.Moderation.ModerationManager >> Loaded 0 moderation categories.
2019-03-17 13:18:53,462 INFO  - Plus.HabboHotel.Moderation.ModerationManager >> Loaded 0 moderation action preset messages.
2019-03-17 13:18:53,463 INFO  - Plus.HabboHotel.Moderation.ModerationManager >> Cached 27 username and machine bans.
2019-03-17 13:18:53,464 INFO  - Plus.HabboHotel.Moderation.ModerationManager >> Moderation Manager -> LOADED
2019-03-17 13:18:56,028 INFO  - Plus.HabboHotel.Items.ItemDataManager >> Item Manager -> LOADED
2019-03-17 13:18:58,163 INFO  - Plus.HabboHotel.Catalog.CatalogManager >> Catalog Manager -> LOADED
2019-03-17 13:18:58,344 INFO  - Plus.HabboHotel.Items.Televisions.TelevisionManager >> Television Items -> LOADED
2019-03-17 13:18:58,545 INFO  - Plus.HabboHotel.Navigator.NavigatorManager >> Navigator -> LOADED
2019-03-17 13:18:58,847 INFO  - Plus.HabboHotel.Rooms.RoomManager >> Room Manager -> LOADED
2019-03-17 13:19:00,125 INFO  - Plus.HabboHotel.Rooms.Chat.Styles.ChatStyleManager >> Loaded 38 chat styles.
2019-03-17 13:19:00,127 INFO  - Plus.HabboHotel.Rooms.Chat.ChatManager >> Chat Manager -> LOADED
2019-03-17 13:19:00,278 INFO  - Plus.HabboHotel.Groups.GroupManager >> MÉTIERS -> CHARGÉS
2019-03-17 13:19:00,419 INFO  - Plus.HabboHotel.Quests.QuestManager >> Quest Manager -> LOADED
2019-03-17 13:19:00,624 INFO  - Plus.HabboHotel.Achievements.AchievementManager >> Achievement Manager -> LOADED
2019-03-17 13:19:01,424 INFO  - Plus.HabboHotel.LandingView.LandingViewManager >> Landing View Manager -> LOADED
2019-03-17 13:19:01,564 INFO  - Plus.HabboHotel.Games.GameDataManager >> Game Data Manager -> LOADED
2019-03-17 13:19:01,570 INFO  - Mango.Global.ServerUpdater >> Server Status Updater has been started.
2019-03-17 13:19:01,713 INFO  - Plus.HabboHotel.Global.LanguageLocale >> Language Locale Manager -> LOADED
2019-03-17 13:19:02,617 INFO  - Plus.HabboHotel.Cache.CacheManager >> Cache Manager -> LOADED
2019-03-17 13:19:03,295 INFO  - Plus.HabboHotel.Badges.BadgeManager >> Loaded 10116 badge definitions.
2019-03-17 13:19:04,010 INFO  - Plus.HabboHotel.Permissions.PermissionManager >> Loaded 50 permissions.
2019-03-17 13:19:04,014 INFO  - Plus.HabboHotel.Permissions.PermissionManager >> Loaded 8 permissions groups.
2019-03-17 13:19:04,019 INFO  - Plus.HabboHotel.Permissions.PermissionManager >> Loaded 7 permissions group rights.
2019-03-17 13:19:04,026 INFO  - Plus.HabboHotel.Permissions.PermissionManager >> Loaded 3 permissions subscription rights.
2019-03-17 13:19:04,163 INFO  - Plus.HabboHotel.Subscriptions.SubscriptionManager >> Loaded 3 subscriptions.
2019-03-17 13:19:31,700 INFO  - Plus.PlusEnvironment >> Fermeture en cours...
2019-03-17 13:20:58,974 INFO  - Plus.PlusEnvironment >> Connected to Database!
2019-03-17 13:21:01,994 INFO  - Plus.HabboHotel.Moderation.ModerationManager >> Loaded 0 moderation presets.
2019-03-17 13:21:01,996 INFO  - Plus.HabboHotel.Moderation.ModerationManager >> Loaded 0 moderation categories.
2019-03-17 13:21:01,997 INFO  - Plus.HabboHotel.Moderation.ModerationManager >> Loaded 0 moderation action preset messages.
2019-03-17 13:21:01,997 INFO  - Plus.HabboHotel.Moderation.ModerationManager >> Cached 27 username and machine bans.
2019-03-17 13:21:01,997 INFO  - Plus.HabboHotel.Moderation.ModerationManager >> Moderation Manager -> LOADED
2019-03-17 13:21:03,604 INFO  - Plus.HabboHotel.Items.ItemDataManager >> Item Manager -> LOADED
2019-03-17 13:21:05,748 INFO  - Plus.HabboHotel.Catalog.CatalogManager >> Catalog Manager -> LOADED
2019-03-17 13:21:05,885 INFO  - Plus.HabboHotel.Items.Televisions.TelevisionManager >> Television Items -> LOADED
2019-03-17 13:21:06,080 INFO  - Plus.HabboHotel.Navigator.NavigatorManager >> Navigator -> LOADED
2019-03-17 13:21:06,375 INFO  - Plus.HabboHotel.Rooms.RoomManager >> Room Manager -> LOADED
2019-03-17 13:21:06,993 INFO  - Plus.HabboHotel.Rooms.Chat.Styles.ChatStyleManager >> Loaded 38 chat styles.
2019-03-17 13:21:06,994 INFO  - Plus.HabboHotel.Rooms.Chat.ChatManager >> Chat Manager -> LOADED
2019-03-17 13:21:07,145 INFO  - Plus.HabboHotel.Groups.GroupManager >> MÉTIERS -> CHARGÉS
2019-03-17 13:21:07,285 INFO  - Plus.HabboHotel.Quests.QuestManager >> Quest Manager -> LOADED
2019-03-17 13:21:07,486 INFO  - Plus.HabboHotel.Achievements.AchievementManager >> Achievement Manager -> LOADED
2019-03-17 13:21:08,289 INFO  - Plus.HabboHotel.LandingView.LandingViewManager >> Landing View Manager -> LOADED
2019-03-17 13:21:08,425 INFO  - Plus.HabboHotel.Games.GameDataManager >> Game Data Manager -> LOADED
2019-03-17 13:21:08,429 INFO  - Mango.Global.ServerUpdater >> Server Status Updater has been started.
2019-03-17 13:21:08,562 INFO  - Plus.HabboHotel.Global.LanguageLocale >> Language Locale Manager -> LOADED
2019-03-17 13:21:08,798 INFO  - Plus.HabboHotel.Cache.CacheManager >> Cache Manager -> LOADED
2019-03-17 13:21:09,358 INFO  - Plus.HabboHotel.Badges.BadgeManager >> Loaded 10116 badge definitions.
2019-03-17 13:21:10,016 INFO  - Plus.HabboHotel.Permissions.PermissionManager >> Loaded 50 permissions.
2019-03-17 13:21:10,017 INFO  - Plus.HabboHotel.Permissions.PermissionManager >> Loaded 8 permissions groups.
2019-03-17 13:21:10,019 INFO  - Plus.HabboHotel.Permissions.PermissionManager >> Loaded 7 permissions group rights.
2019-03-17 13:21:10,020 INFO  - Plus.HabboHotel.Permissions.PermissionManager >> Loaded 3 permissions subscription rights.
2019-03-17 13:21:10,159 INFO  - Plus.HabboHotel.Subscriptions.SubscriptionManager >> Loaded 3 subscriptions.
2019-03-17 13:22:31,240 INFO  - Plus.PlusEnvironment >> Connected to Database!
2019-03-17 13:22:34,059 INFO  - Plus.HabboHotel.Moderation.ModerationManager >> Loaded 0 moderation presets.
2019-03-17 13:22:34,060 INFO  - Plus.HabboHotel.Moderation.ModerationManager >> Loaded 0 moderation categories.
2019-03-17 13:22:34,061 INFO  - Plus.HabboHotel.Moderation.ModerationManager >> Loaded 0 moderation action preset messages.
2019-03-17 13:22:34,061 INFO  - Plus.HabboHotel.Moderation.ModerationManager >> Cached 27 username and machine bans.
2019-03-17 13:22:34,062 INFO  - Plus.HabboHotel.Moderation.ModerationManager >> Moderation Manager -> LOADED
2019-03-17 13:22:36,026 INFO  - Plus.HabboHotel.Items.ItemDataManager >> Item Manager -> LOADED
2019-03-17 13:23:22,151 INFO  - Plus.PlusEnvironment >> Connected to Database!
2019-03-17 13:23:25,955 INFO  - Plus.HabboHotel.Moderation.ModerationManager >> Loaded 0 moderation presets.
2019-03-17 13:23:25,970 INFO  - Plus.HabboHotel.Moderation.ModerationManager >> Loaded 0 moderation categories.
2019-03-17 13:23:25,970 INFO  - Plus.HabboHotel.Moderation.ModerationManager >> Loaded 0 moderation action preset messages.
2019-03-17 13:23:25,971 INFO  - Plus.HabboHotel.Moderation.ModerationManager >> Cached 27 username and machine bans.
2019-03-17 13:23:25,972 INFO  - Plus.HabboHotel.Moderation.ModerationManager >> Moderation Manager -> LOADED
2019-03-17 13:23:28,209 INFO  - Plus.HabboHotel.Items.ItemDataManager >> Item Manager -> LOADED
2019-03-17 13:23:30,470 INFO  - Plus.HabboHotel.Catalog.CatalogManager >> Catalog Manager -> LOADED
2019-03-17 13:23:30,637 INFO  - Plus.HabboHotel.Items.Televisions.TelevisionManager >> Television Items -> LOADED
2019-03-17 13:23:30,863 INFO  - Plus.HabboHotel.Navigator.NavigatorManager >> Navigator -> LOADED
2019-03-17 13:23:31,157 INFO  - Plus.HabboHotel.Rooms.RoomManager >> Room Manager -> LOADED
2019-03-17 13:23:31,837 INFO  - Plus.HabboHotel.Rooms.Chat.Styles.ChatStyleManager >> Loaded 38 chat styles.
2019-03-17 13:23:31,838 INFO  - Plus.HabboHotel.Rooms.Chat.ChatManager >> Chat Manager -> LOADED
2019-03-17 21:00:10,637 INFO  - Plus.PlusEnvironment >> Connected to Database!
2019-03-17 21:00:40,724 INFO  - Plus.PlusEnvironment >> Connected to Database!
2019-03-17 22:46:23,164 INFO  - Plus.PlusEnvironment >> Connected to Database!
2019-03-17 22:46:25,600 INFO  - Plus.HabboHotel.Moderation.ModerationManager >> Loaded 0 moderation presets.
2019-03-17 22:46:25,601 INFO  - Plus.HabboHotel.Moderation.ModerationManager >> Loaded 0 moderation categories.
2019-03-17 22:46:25,601 INFO  - Plus.HabboHotel.Moderation.ModerationManager >> Loaded 0 moderation action preset messages.
2019-03-17 22:46:25,602 INFO  - Plus.HabboHotel.Moderation.ModerationManager >> Cached 27 username and machine bans.
2019-03-17 22:46:25,602 INFO  - Plus.HabboHotel.Moderation.ModerationManager >> Moderation Manager -> LOADED
2019-03-17 23:11:52,105 INFO  - Plus.PlusEnvironment >> Connected to Database!
2019-03-17 23:11:54,610 INFO  - Plus.HabboHotel.Moderation.ModerationManager >> Loaded 0 moderation presets.
2019-03-17 23:11:54,611 INFO  - Plus.HabboHotel.Moderation.ModerationManager >> Loaded 0 moderation categories.
2019-03-17 23:11:54,611 INFO  - Plus.HabboHotel.Moderation.ModerationManager >> Loaded 0 moderation action preset messages.
2019-03-17 23:11:54,611 INFO  - Plus.HabboHotel.Moderation.ModerationManager >> Cached 27 username and machine bans.
2019-03-17 23:11:54,611 INFO  - Plus.HabboHotel.Moderation.ModerationManager >> Moderation Manager -> LOADED
2019-03-17 23:13:58,591 INFO  - Plus.PlusEnvironment >> Connected to Database!
2019-03-17 23:14:01,800 INFO  - Plus.HabboHotel.Moderation.ModerationManager >> Loaded 0 moderation presets.
2019-03-17 23:14:01,800 INFO  - Plus.HabboHotel.Moderation.ModerationManager >> Loaded 0 moderation categories.
2019-03-17 23:14:01,800 INFO  - Plus.HabboHotel.Moderation.ModerationManager >> Loaded 0 moderation action preset messages.
2019-03-17 23:14:01,801 INFO  - Plus.HabboHotel.Moderation.ModerationManager >> Cached 27 username and machine bans.
2019-03-17 23:14:01,801 INFO  - Plus.HabboHotel.Moderation.ModerationManager >> Moderation Manager -> LOADED
2019-03-17 23:14:05,872 INFO  - Plus.HabboHotel.Items.ItemDataManager >> Item Manager -> LOADED
2019-03-17 23:14:37,117 INFO  - Plus.PlusEnvironment >> Connected to Database!
2019-03-17 23:14:41,247 INFO  - Plus.HabboHotel.Moderation.ModerationManager >> Loaded 0 moderation presets.
2019-03-17 23:14:41,249 INFO  - Plus.HabboHotel.Moderation.ModerationManager >> Loaded 0 moderation categories.
2019-03-17 23:14:41,249 INFO  - Plus.HabboHotel.Moderation.ModerationManager >> Loaded 0 moderation action preset messages.
2019-03-17 23:14:41,249 INFO  - Plus.HabboHotel.Moderation.ModerationManager >> Cached 27 username and machine bans.
2019-03-17 23:14:41,249 INFO  - Plus.HabboHotel.Moderation.ModerationManager >> Moderation Manager -> LOADED
2019-03-17 23:14:42,708 INFO  - Plus.HabboHotel.Items.ItemDataManager >> Item Manager -> LOADED
2019-03-17 23:16:13,813 INFO  - Plus.PlusEnvironment >> Connected to Database!
2019-03-17 23:16:16,196 INFO  - Plus.HabboHotel.Moderation.ModerationManager >> Loaded 0 moderation presets.
2019-03-17 23:16:16,197 INFO  - Plus.HabboHotel.Moderation.ModerationManager >> Loaded 0 moderation categories.
2019-03-17 23:16:16,197 INFO  - Plus.HabboHotel.Moderation.ModerationManager >> Loaded 0 moderation action preset messages.
2019-03-17 23:16:16,197 INFO  - Plus.HabboHotel.Moderation.ModerationManager >> Cached 27 username and machine bans.
2019-03-17 23:16:16,198 INFO  - Plus.HabboHotel.Moderation.ModerationManager >> Moderation Manager -> LOADED
2019-03-17 23:16:17,375 INFO  - Plus.HabboHotel.Items.ItemDataManager >> Item Manager -> LOADED
2019-11-16 18:44:39,945 INFO  - Plus.PlusEnvironment >> Connected to Database!
2019-11-16 18:44:42,079 INFO  - Plus.HabboHotel.Moderation.ModerationManager >> Loaded 0 moderation presets.
2019-11-16 18:44:42,081 INFO  - Plus.HabboHotel.Moderation.ModerationManager >> Loaded 0 moderation categories.
2019-11-16 18:44:42,081 INFO  - Plus.HabboHotel.Moderation.ModerationManager >> Loaded 0 moderation action preset messages.
2019-11-16 18:44:42,081 INFO  - Plus.HabboHotel.Moderation.ModerationManager >> Cached 0 username and machine bans.
2019-11-16 18:44:42,081 INFO  - Plus.HabboHotel.Moderation.ModerationManager >> Moderation Manager -> LOADED
2019-11-16 18:44:43,184 INFO  - Plus.HabboHotel.Items.ItemDataManager >> Item Manager -> LOADED
2019-11-16 18:44:44,566 ERROR - Plus.HabboHotel.Catalog.CatalogManager >> Couldn't load Catalog Item 88805175, no furniture record found.
2019-11-16 18:44:44,598 ERROR - Plus.HabboHotel.Catalog.CatalogManager >> Couldn't load Catalog Item 1000000001, no furniture record found.
2019-11-16 18:44:45,050 INFO  - Plus.HabboHotel.Catalog.CatalogManager >> Catalog Manager -> LOADED
2019-11-16 18:44:45,163 INFO  - Plus.HabboHotel.Items.Televisions.TelevisionManager >> Television Items -> LOADED
2019-11-16 18:44:45,327 INFO  - Plus.HabboHotel.Navigator.NavigatorManager >> Navigator -> LOADED
2019-11-16 18:44:46,262 INFO  - Plus.HabboHotel.Rooms.RoomManager >> Room Manager -> LOADED
2019-11-16 18:44:46,876 INFO  - Plus.HabboHotel.Rooms.Chat.Styles.ChatStyleManager >> Loaded 38 chat styles.
2019-11-16 18:44:46,877 INFO  - Plus.HabboHotel.Rooms.Chat.ChatManager >> Chat Manager -> LOADED
2019-11-16 18:44:47,559 INFO  - Plus.HabboHotel.Groups.GroupManager >> MÉTIERS -> CHARGÉS
2019-11-16 18:44:47,698 INFO  - Plus.HabboHotel.Quests.QuestManager >> Quest Manager -> LOADED
2019-11-16 18:44:47,880 INFO  - Plus.HabboHotel.Achievements.AchievementManager >> Achievement Manager -> LOADED
2019-11-16 18:44:48,464 INFO  - Plus.HabboHotel.LandingView.LandingViewManager >> Landing View Manager -> LOADED
2019-11-16 18:44:48,562 INFO  - Plus.HabboHotel.Games.GameDataManager >> Game Data Manager -> LOADED
2019-11-16 18:44:48,564 INFO  - Mango.Global.ServerUpdater >> Server Status Updater has been started.
2019-11-16 18:44:48,657 INFO  - Plus.HabboHotel.Global.LanguageLocale >> Language Locale Manager -> LOADED
2019-11-16 18:44:48,894 INFO  - Plus.HabboHotel.Cache.CacheManager >> Cache Manager -> LOADED
2019-11-16 18:44:49,306 INFO  - Plus.HabboHotel.Badges.BadgeManager >> Loaded 10116 badge definitions.
2019-11-16 18:44:49,826 INFO  - Plus.HabboHotel.Permissions.PermissionManager >> Loaded 50 permissions.
2019-11-16 18:44:49,827 INFO  - Plus.HabboHotel.Permissions.PermissionManager >> Loaded 8 permissions groups.
2019-11-16 18:44:49,828 INFO  - Plus.HabboHotel.Permissions.PermissionManager >> Loaded 7 permissions group rights.
2019-11-16 18:44:49,829 INFO  - Plus.HabboHotel.Permissions.PermissionManager >> Loaded 1 permissions subscription rights.
2019-11-16 18:44:49,924 INFO  - Plus.HabboHotel.Subscriptions.SubscriptionManager >> Loaded 3 subscriptions.
